{"/home/sesaymohamedaugustin/SchoolAdmin/Backend/knexfile.js": {"path":"/home/sesaymohamedaugustin/SchoolAdmin/Backend/knexfile.js","statementMap":{"0":{"start":{"line":1,"column":13},"end":{"line":1,"column":28}},"1":{"start":{"line":3,"column":15},"end":{"line":3,"column":131}},"2":{"start":{"line":5,"column":0},"end":{"line":14,"column":1}}},"fnMap":{},"branchMap":{"0":{"loc":{"start":{"line":3,"column":15},"end":{"line":3,"column":131}},"type":"cond-expr","locations":[{"start":{"line":3,"column":52},"end":{"line":3,"column":62}},{"start":{"line":3,"column":66},"end":{"line":3,"column":130}}],"line":3},"1":{"loc":{"start":{"line":3,"column":66},"end":{"line":3,"column":130}},"type":"binary-expr","locations":[{"start":{"line":3,"column":66},"end":{"line":3,"column":85}},{"start":{"line":3,"column":89},"end":{"line":3,"column":130}}],"line":3}},"s":{"0":5,"1":5,"2":5},"f":{},"b":{"0":[0,5],"1":[5,5]},"_coverageSchema":"1a1c01bbd47fc00a2c39e90264f33305004495a9","hash":"3b93c470f5bfbdbc937195094558b4d6cd6eb0f2"}
,"/home/sesaymohamedaugustin/SchoolAdmin/Backend/migrations/20260603205558_full_schema.js": {"path":"/home/sesaymohamedaugustin/SchoolAdmin/Backend/migrations/20260603205558_full_schema.js","statementMap":{"0":{"start":{"line":1,"column":0},"end":{"line":77,"column":2}},"1":{"start":{"line":2,"column":2},"end":{"line":76,"column":7}},"2":{"start":{"line":4,"column":6},"end":{"line":4,"column":39}},"3":{"start":{"line":5,"column":6},"end":{"line":5,"column":41}},"4":{"start":{"line":6,"column":6},"end":{"line":6,"column":28}},"5":{"start":{"line":7,"column":6},"end":{"line":7,"column":34}},"6":{"start":{"line":8,"column":6},"end":{"line":8,"column":30}},"7":{"start":{"line":9,"column":6},"end":{"line":9,"column":29}},"8":{"start":{"line":10,"column":6},"end":{"line":10,"column":26}},"9":{"start":{"line":11,"column":6},"end":{"line":11,"column":28}},"10":{"start":{"line":12,"column":6},"end":{"line":12,"column":34}},"11":{"start":{"line":13,"column":6},"end":{"line":13,"column":35}},"12":{"start":{"line":14,"column":6},"end":{"line":14,"column":49}},"13":{"start":{"line":15,"column":6},"end":{"line":15,"column":25}},"14":{"start":{"line":18,"column":6},"end":{"line":18,"column":39}},"15":{"start":{"line":19,"column":6},"end":{"line":19,"column":41}},"16":{"start":{"line":20,"column":6},"end":{"line":20,"column":28}},"17":{"start":{"line":21,"column":6},"end":{"line":21,"column":28}},"18":{"start":{"line":22,"column":6},"end":{"line":22,"column":34}},"19":{"start":{"line":23,"column":6},"end":{"line":23,"column":35}},"20":{"start":{"line":24,"column":6},"end":{"line":24,"column":49}},"21":{"start":{"line":25,"column":6},"end":{"line":25,"column":24}},"22":{"start":{"line":26,"column":6},"end":{"line":26,"column":30}},"23":{"start":{"line":29,"column":6},"end":{"line":29,"column":39}},"24":{"start":{"line":30,"column":6},"end":{"line":30,"column":41}},"25":{"start":{"line":31,"column":6},"end":{"line":31,"column":31}},"26":{"start":{"line":32,"column":6},"end":{"line":32,"column":30}},"27":{"start":{"line":33,"column":6},"end":{"line":33,"column":92}},"28":{"start":{"line":36,"column":6},"end":{"line":36,"column":39}},"29":{"start":{"line":37,"column":6},"end":{"line":37,"column":41}},"30":{"start":{"line":38,"column":6},"end":{"line":38,"column":33}},"31":{"start":{"line":39,"column":6},"end":{"line":39,"column":31}},"32":{"start":{"line":40,"column":6},"end":{"line":40,"column":49}},"33":{"start":{"line":43,"column":6},"end":{"line":43,"column":39}},"34":{"start":{"line":44,"column":6},"end":{"line":44,"column":41}},"35":{"start":{"line":45,"column":6},"end":{"line":45,"column":36}},"36":{"start":{"line":46,"column":6},"end":{"line":46,"column":31}},"37":{"start":{"line":49,"column":6},"end":{"line":49,"column":39}},"38":{"start":{"line":50,"column":6},"end":{"line":50,"column":102}},"39":{"start":{"line":51,"column":6},"end":{"line":51,"column":92}},"40":{"start":{"line":52,"column":6},"end":{"line":52,"column":105}},"41":{"start":{"line":53,"column":6},"end":{"line":53,"column":48}},"42":{"start":{"line":54,"column":6},"end":{"line":54,"column":47}},"43":{"start":{"line":55,"column":6},"end":{"line":55,"column":45}},"44":{"start":{"line":58,"column":6},"end":{"line":58,"column":105}},"45":{"start":{"line":59,"column":6},"end":{"line":59,"column":102}},"46":{"start":{"line":60,"column":6},"end":{"line":60,"column":48}},"47":{"start":{"line":63,"column":6},"end":{"line":63,"column":105}},"48":{"start":{"line":64,"column":6},"end":{"line":64,"column":88}},"49":{"start":{"line":65,"column":6},"end":{"line":65,"column":40}},"50":{"start":{"line":66,"column":6},"end":{"line":66,"column":45}},"51":{"start":{"line":67,"column":6},"end":{"line":67,"column":32}},"52":{"start":{"line":68,"column":6},"end":{"line":68,"column":32}},"53":{"start":{"line":69,"column":6},"end":{"line":69,"column":55}},"54":{"start":{"line":72,"column":6},"end":{"line":72,"column":39}},"55":{"start":{"line":73,"column":6},"end":{"line":73,"column":54}},"56":{"start":{"line":74,"column":6},"end":{"line":74,"column":50}},"57":{"start":{"line":75,"column":6},"end":{"line":75,"column":48}},"58":{"start":{"line":79,"column":0},"end":{"line":90,"column":2}},"59":{"start":{"line":80,"column":2},"end":{"line":89,"column":35}}},"fnMap":{"0":{"name":"(anonymous_0)","decl":{"start":{"line":1,"column":13},"end":{"line":1,"column":14}},"loc":{"start":{"line":1,"column":28},"end":{"line":77,"column":1}},"line":1},"1":{"name":"(anonymous_1)","decl":{"start":{"line":3,"column":29},"end":{"line":3,"column":30}},"loc":{"start":{"line":3,"column":40},"end":{"line":16,"column":5}},"line":3},"2":{"name":"(anonymous_2)","decl":{"start":{"line":17,"column":29},"end":{"line":17,"column":30}},"loc":{"start":{"line":17,"column":40},"end":{"line":27,"column":5}},"line":17},"3":{"name":"(anonymous_3)","decl":{"start":{"line":28,"column":28},"end":{"line":28,"column":29}},"loc":{"start":{"line":28,"column":39},"end":{"line":34,"column":5}},"line":28},"4":{"name":"(anonymous_4)","decl":{"start":{"line":35,"column":37},"end":{"line":35,"column":38}},"loc":{"start":{"line":35,"column":48},"end":{"line":41,"column":5}},"line":35},"5":{"name":"(anonymous_5)","decl":{"start":{"line":42,"column":29},"end":{"line":42,"column":30}},"loc":{"start":{"line":42,"column":40},"end":{"line":47,"column":5}},"line":42},"6":{"name":"(anonymous_6)","decl":{"start":{"line":48,"column":30},"end":{"line":48,"column":31}},"loc":{"start":{"line":48,"column":41},"end":{"line":56,"column":5}},"line":48},"7":{"name":"(anonymous_7)","decl":{"start":{"line":57,"column":32},"end":{"line":57,"column":33}},"loc":{"start":{"line":57,"column":43},"end":{"line":61,"column":5}},"line":57},"8":{"name":"(anonymous_8)","decl":{"start":{"line":62,"column":31},"end":{"line":62,"column":32}},"loc":{"start":{"line":62,"column":42},"end":{"line":70,"column":5}},"line":62},"9":{"name":"(anonymous_9)","decl":{"start":{"line":71,"column":26},"end":{"line":71,"column":27}},"loc":{"start":{"line":71,"column":37},"end":{"line":76,"column":5}},"line":71},"10":{"name":"(anonymous_10)","decl":{"start":{"line":79,"column":15},"end":{"line":79,"column":16}},"loc":{"start":{"line":79,"column":30},"end":{"line":90,"column":1}},"line":79}},"branchMap":{},"s":{"0":5,"1":5,"2":5,"3":5,"4":5,"5":5,"6":5,"7":5,"8":5,"9":5,"10":5,"11":5,"12":5,"13":5,"14":5,"15":5,"16":5,"17":5,"18":5,"19":5,"20":5,"21":5,"22":5,"23":5,"24":5,"25":5,"26":5,"27":5,"28":5,"29":5,"30":5,"31":5,"32":5,"33":5,"34":5,"35":5,"36":5,"37":5,"38":5,"39":5,"40":5,"41":5,"42":5,"43":5,"44":5,"45":5,"46":5,"47":5,"48":5,"49":5,"50":5,"51":5,"52":5,"53":5,"54":5,"55":5,"56":5,"57":5,"58":5,"59":0},"f":{"0":5,"1":5,"2":5,"3":5,"4":5,"5":5,"6":5,"7":5,"8":5,"9":5,"10":0},"b":{},"_coverageSchema":"1a1c01bbd47fc00a2c39e90264f33305004495a9","hash":"814ce16feba3a1bea7565bfdd8ac6166db76642f"}
,"/home/sesaymohamedaugustin/SchoolAdmin/Backend/migrations/20260613120000_school_hierarchy.js": {"path":"/home/sesaymohamedaugustin/SchoolAdmin/Backend/migrations/20260613120000_school_hierarchy.js","statementMap":{"0":{"start":{"line":1,"column":0},"end":{"line":90,"column":2}},"1":{"start":{"line":2,"column":2},"end":{"line":89,"column":7}},"2":{"start":{"line":4,"column":6},"end":{"line":4,"column":39}},"3":{"start":{"line":5,"column":6},"end":{"line":5,"column":50}},"4":{"start":{"line":6,"column":6},"end":{"line":6,"column":45}},"5":{"start":{"line":9,"column":6},"end":{"line":9,"column":39}},"6":{"start":{"line":10,"column":6},"end":{"line":10,"column":113}},"7":{"start":{"line":11,"column":6},"end":{"line":11,"column":41}},"8":{"start":{"line":12,"column":6},"end":{"line":12,"column":45}},"9":{"start":{"line":15,"column":6},"end":{"line":15,"column":39}},"10":{"start":{"line":16,"column":6},"end":{"line":16,"column":50}},"11":{"start":{"line":19,"column":6},"end":{"line":19,"column":95}},"12":{"start":{"line":20,"column":6},"end":{"line":20,"column":91}},"13":{"start":{"line":23,"column":6},"end":{"line":23,"column":95}},"14":{"start":{"line":24,"column":6},"end":{"line":24,"column":91}},"15":{"start":{"line":25,"column":6},"end":{"line":25,"column":108}},"16":{"start":{"line":29,"column":23},"end":{"line":34,"column":7}},"17":{"start":{"line":35,"column":6},"end":{"line":35,"column":53}},"18":{"start":{"line":37,"column":21},"end":{"line":37,"column":23}},"19":{"start":{"line":38,"column":19},"end":{"line":38,"column":69}},"20":{"start":{"line":39,"column":6},"end":{"line":39,"column":47}},"21":{"start":{"line":39,"column":24},"end":{"line":39,"column":45}},"22":{"start":{"line":42,"column":21},"end":{"line":58,"column":7}},"23":{"start":{"line":59,"column":6},"end":{"line":59,"column":49}},"24":{"start":{"line":62,"column":26},"end":{"line":62,"column":92}},"25":{"start":{"line":63,"column":24},"end":{"line":63,"column":89}},"26":{"start":{"line":64,"column":25},"end":{"line":64,"column":100}},"27":{"start":{"line":64,"column":73},"end":{"line":64,"column":82}},"28":{"start":{"line":66,"column":6},"end":{"line":68,"column":7}},"29":{"start":{"line":67,"column":8},"end":{"line":67,"column":82}},"30":{"start":{"line":67,"column":70},"end":{"line":67,"column":78}},"31":{"start":{"line":71,"column":24},"end":{"line":71,"column":72}},"32":{"start":{"line":72,"column":22},"end":{"line":72,"column":68}},"33":{"start":{"line":75,"column":6},"end":{"line":77,"column":7}},"34":{"start":{"line":76,"column":8},"end":{"line":76,"column":87}},"35":{"start":{"line":78,"column":6},"end":{"line":80,"column":7}},"36":{"start":{"line":79,"column":8},"end":{"line":79,"column":81}},"37":{"start":{"line":83,"column":6},"end":{"line":85,"column":7}},"38":{"start":{"line":84,"column":8},"end":{"line":84,"column":83}},"39":{"start":{"line":86,"column":6},"end":{"line":88,"column":7}},"40":{"start":{"line":87,"column":8},"end":{"line":87,"column":80}},"41":{"start":{"line":92,"column":0},"end":{"line":106,"column":2}},"42":{"start":{"line":93,"column":2},"end":{"line":105,"column":42}},"43":{"start":{"line":95,"column":6},"end":{"line":95,"column":35}},"44":{"start":{"line":96,"column":6},"end":{"line":96,"column":33}},"45":{"start":{"line":97,"column":6},"end":{"line":97,"column":45}},"46":{"start":{"line":100,"column":6},"end":{"line":100,"column":35}},"47":{"start":{"line":101,"column":6},"end":{"line":101,"column":33}}},"fnMap":{"0":{"name":"(anonymous_0)","decl":{"start":{"line":1,"column":13},"end":{"line":1,"column":14}},"loc":{"start":{"line":1,"column":28},"end":{"line":90,"column":1}},"line":1},"1":{"name":"(anonymous_1)","decl":{"start":{"line":3,"column":36},"end":{"line":3,"column":37}},"loc":{"start":{"line":3,"column":47},"end":{"line":7,"column":5}},"line":3},"2":{"name":"(anonymous_2)","decl":{"start":{"line":8,"column":34},"end":{"line":8,"column":35}},"loc":{"start":{"line":8,"column":45},"end":{"line":13,"column":5}},"line":8},"3":{"name":"(anonymous_3)","decl":{"start":{"line":14,"column":32},"end":{"line":14,"column":33}},"loc":{"start":{"line":14,"column":43},"end":{"line":17,"column":5}},"line":14},"4":{"name":"(anonymous_4)","decl":{"start":{"line":18,"column":23},"end":{"line":18,"column":24}},"loc":{"start":{"line":18,"column":34},"end":{"line":21,"column":5}},"line":18},"5":{"name":"(anonymous_5)","decl":{"start":{"line":22,"column":22},"end":{"line":22,"column":23}},"loc":{"start":{"line":22,"column":33},"end":{"line":26,"column":5}},"line":22},"6":{"name":"(anonymous_6)","decl":{"start":{"line":27,"column":10},"end":{"line":27,"column":11}},"loc":{"start":{"line":27,"column":22},"end":{"line":89,"column":5}},"line":27},"7":{"name":"(anonymous_7)","decl":{"start":{"line":39,"column":19},"end":{"line":39,"column":20}},"loc":{"start":{"line":39,"column":24},"end":{"line":39,"column":45}},"line":39},"8":{"name":"(anonymous_8)","decl":{"start":{"line":64,"column":68},"end":{"line":64,"column":69}},"loc":{"start":{"line":64,"column":73},"end":{"line":64,"column":82}},"line":64},"9":{"name":"(anonymous_9)","decl":{"start":{"line":67,"column":61},"end":{"line":67,"column":62}},"loc":{"start":{"line":67,"column":70},"end":{"line":67,"column":78}},"line":67},"10":{"name":"(anonymous_10)","decl":{"start":{"line":92,"column":15},"end":{"line":92,"column":16}},"loc":{"start":{"line":92,"column":30},"end":{"line":106,"column":1}},"line":92},"11":{"name":"(anonymous_11)","decl":{"start":{"line":94,"column":22},"end":{"line":94,"column":23}},"loc":{"start":{"line":94,"column":33},"end":{"line":98,"column":5}},"line":94},"12":{"name":"(anonymous_12)","decl":{"start":{"line":99,"column":23},"end":{"line":99,"column":24}},"loc":{"start":{"line":99,"column":34},"end":{"line":102,"column":5}},"line":99}},"branchMap":{"0":{"loc":{"start":{"line":66,"column":6},"end":{"line":68,"column":7}},"type":"if","locations":[{"start":{"line":66,"column":6},"end":{"line":68,"column":7}},{"start":{},"end":{}}],"line":66}},"s":{"0":5,"1":5,"2":5,"3":5,"4":5,"5":5,"6":5,"7":5,"8":5,"9":5,"10":5,"11":5,"12":5,"13":5,"14":5,"15":5,"16":5,"17":5,"18":5,"19":5,"20":5,"21":20,"22":5,"23":5,"24":5,"25":5,"26":5,"27":0,"28":5,"29":0,"30":0,"31":5,"32":5,"33":5,"34":75,"35":5,"36":0,"37":5,"38":75,"39":5,"40":0,"41":5,"42":0,"43":0,"44":0,"45":0,"46":0,"47":0},"f":{"0":5,"1":5,"2":5,"3":5,"4":5,"5":5,"6":5,"7":20,"8":0,"9":0,"10":0,"11":0,"12":0},"b":{"0":[0,5]},"_coverageSchema":"1a1c01bbd47fc00a2c39e90264f33305004495a9","hash":"975d27177f1a3297b210bbd035fd372fb87db7b1"}
,"/home/sesaymohamedaugustin/SchoolAdmin/Backend/migrations/20260613130000_enterprise_auth.js": {"path":"/home/sesaymohamedaugustin/SchoolAdmin/Backend/migrations/20260613130000_enterprise_auth.js","statementMap":{"0":{"start":{"line":1,"column":0},"end":{"line":45,"column":2}},"1":{"start":{"line":2,"column":2},"end":{"line":44,"column":7}},"2":{"start":{"line":5,"column":6},"end":{"line":5,"column":39}},"3":{"start":{"line":6,"column":6},"end":{"line":6,"column":99}},"4":{"start":{"line":7,"column":6},"end":{"line":7,"column":52}},"5":{"start":{"line":8,"column":6},"end":{"line":8,"column":56}},"6":{"start":{"line":9,"column":6},"end":{"line":9,"column":51}},"7":{"start":{"line":10,"column":6},"end":{"line":10,"column":35}},"8":{"start":{"line":14,"column":6},"end":{"line":14,"column":35}},"9":{"start":{"line":15,"column":6},"end":{"line":15,"column":99}},"10":{"start":{"line":16,"column":6},"end":{"line":16,"column":55}},"11":{"start":{"line":17,"column":6},"end":{"line":17,"column":55}},"12":{"start":{"line":18,"column":6},"end":{"line":18,"column":33}},"13":{"start":{"line":19,"column":6},"end":{"line":19,"column":50}},"14":{"start":{"line":20,"column":6},"end":{"line":20,"column":36}},"15":{"start":{"line":21,"column":6},"end":{"line":21,"column":61}},"16":{"start":{"line":25,"column":6},"end":{"line":25,"column":39}},"17":{"start":{"line":26,"column":6},"end":{"line":26,"column":86}},"18":{"start":{"line":27,"column":6},"end":{"line":27,"column":47}},"19":{"start":{"line":28,"column":6},"end":{"line":28,"column":29}},"20":{"start":{"line":29,"column":6},"end":{"line":29,"column":49}},"21":{"start":{"line":30,"column":6},"end":{"line":30,"column":61}},"22":{"start":{"line":34,"column":20},"end":{"line":34,"column":64}},"23":{"start":{"line":35,"column":6},"end":{"line":43,"column":7}},"24":{"start":{"line":36,"column":28},"end":{"line":41,"column":11}},"25":{"start":{"line":36,"column":44},"end":{"line":41,"column":9}},"26":{"start":{"line":42,"column":8},"end":{"line":42,"column":59}},"27":{"start":{"line":47,"column":0},"end":{"line":52,"column":2}},"28":{"start":{"line":48,"column":2},"end":{"line":51,"column":43}}},"fnMap":{"0":{"name":"(anonymous_0)","decl":{"start":{"line":1,"column":13},"end":{"line":1,"column":14}},"loc":{"start":{"line":1,"column":28},"end":{"line":45,"column":1}},"line":1},"1":{"name":"(anonymous_1)","decl":{"start":{"line":4,"column":37},"end":{"line":4,"column":38}},"loc":{"start":{"line":4,"column":48},"end":{"line":11,"column":5}},"line":4},"2":{"name":"(anonymous_2)","decl":{"start":{"line":13,"column":34},"end":{"line":13,"column":35}},"loc":{"start":{"line":13,"column":45},"end":{"line":22,"column":5}},"line":13},"3":{"name":"(anonymous_3)","decl":{"start":{"line":24,"column":40},"end":{"line":24,"column":41}},"loc":{"start":{"line":24,"column":51},"end":{"line":31,"column":5}},"line":24},"4":{"name":"(anonymous_4)","decl":{"start":{"line":32,"column":10},"end":{"line":32,"column":11}},"loc":{"start":{"line":32,"column":22},"end":{"line":44,"column":5}},"line":32},"5":{"name":"(anonymous_5)","decl":{"start":{"line":36,"column":38},"end":{"line":36,"column":39}},"loc":{"start":{"line":36,"column":44},"end":{"line":41,"column":9}},"line":36},"6":{"name":"(anonymous_6)","decl":{"start":{"line":47,"column":15},"end":{"line":47,"column":16}},"loc":{"start":{"line":47,"column":30},"end":{"line":52,"column":1}},"line":47}},"branchMap":{"0":{"loc":{"start":{"line":35,"column":6},"end":{"line":43,"column":7}},"type":"if","locations":[{"start":{"line":35,"column":6},"end":{"line":43,"column":7}},{"start":{},"end":{}}],"line":35}},"s":{"0":5,"1":5,"2":5,"3":5,"4":5,"5":5,"6":5,"7":5,"8":5,"9":5,"10":5,"11":5,"12":5,"13":5,"14":5,"15":5,"16":5,"17":5,"18":5,"19":5,"20":5,"21":5,"22":5,"23":5,"24":0,"25":0,"26":0,"27":5,"28":0},"f":{"0":5,"1":5,"2":5,"3":5,"4":5,"5":0,"6":0},"b":{"0":[0,5]},"_coverageSchema":"1a1c01bbd47fc00a2c39e90264f33305004495a9","hash":"bfab57e56428e2b1a5464587142e4e9ab0992b46"}
,"/home/sesaymohamedaugustin/SchoolAdmin/Backend/migrations/20260613140000_hrbac_system.js": {"path":"/home/sesaymohamedaugustin/SchoolAdmin/Backend/migrations/20260613140000_hrbac_system.js","statementMap":{"0":{"start":{"line":1,"column":0},"end":{"line":68,"column":2}},"1":{"start":{"line":2,"column":2},"end":{"line":67,"column":7}},"2":{"start":{"line":5,"column":6},"end":{"line":5,"column":39}},"3":{"start":{"line":6,"column":6},"end":{"line":6,"column":50}},"4":{"start":{"line":7,"column":6},"end":{"line":7,"column":32}},"5":{"start":{"line":8,"column":6},"end":{"line":8,"column":98}},"6":{"start":{"line":9,"column":6},"end":{"line":9,"column":35}},"7":{"start":{"line":13,"column":6},"end":{"line":13,"column":39}},"8":{"start":{"line":14,"column":6},"end":{"line":14,"column":50}},"9":{"start":{"line":15,"column":6},"end":{"line":15,"column":32}},"10":{"start":{"line":16,"column":6},"end":{"line":16,"column":35}},"11":{"start":{"line":20,"column":6},"end":{"line":20,"column":104}},"12":{"start":{"line":21,"column":6},"end":{"line":21,"column":116}},"13":{"start":{"line":22,"column":6},"end":{"line":22,"column":50}},"14":{"start":{"line":26,"column":6},"end":{"line":26,"column":99}},"15":{"start":{"line":27,"column":6},"end":{"line":27,"column":104}},"16":{"start":{"line":28,"column":6},"end":{"line":28,"column":31}},"17":{"start":{"line":29,"column":6},"end":{"line":29,"column":44}},"18":{"start":{"line":33,"column":20},"end":{"line":42,"column":7}},"19":{"start":{"line":43,"column":6},"end":{"line":43,"column":45}},"20":{"start":{"line":46,"column":26},"end":{"line":56,"column":7}},"21":{"start":{"line":57,"column":6},"end":{"line":57,"column":57}},"22":{"start":{"line":60,"column":25},"end":{"line":60,"column":86}},"23":{"start":{"line":61,"column":23},"end":{"line":61,"column":66}},"24":{"start":{"line":62,"column":6},"end":{"line":66,"column":7}},"25":{"start":{"line":63,"column":8},"end":{"line":65,"column":10}},"26":{"start":{"line":64,"column":29},"end":{"line":64,"column":76}},"27":{"start":{"line":70,"column":0},"end":{"line":76,"column":2}},"28":{"start":{"line":71,"column":2},"end":{"line":75,"column":37}}},"fnMap":{"0":{"name":"(anonymous_0)","decl":{"start":{"line":1,"column":13},"end":{"line":1,"column":14}},"loc":{"start":{"line":1,"column":28},"end":{"line":68,"column":1}},"line":1},"1":{"name":"(anonymous_1)","decl":{"start":{"line":4,"column":31},"end":{"line":4,"column":32}},"loc":{"start":{"line":4,"column":42},"end":{"line":10,"column":5}},"line":4},"2":{"name":"(anonymous_2)","decl":{"start":{"line":12,"column":37},"end":{"line":12,"column":38}},"loc":{"start":{"line":12,"column":48},"end":{"line":17,"column":5}},"line":12},"3":{"name":"(anonymous_3)","decl":{"start":{"line":19,"column":42},"end":{"line":19,"column":43}},"loc":{"start":{"line":19,"column":53},"end":{"line":23,"column":5}},"line":19},"4":{"name":"(anonymous_4)","decl":{"start":{"line":25,"column":36},"end":{"line":25,"column":37}},"loc":{"start":{"line":25,"column":47},"end":{"line":30,"column":5}},"line":25},"5":{"name":"(anonymous_5)","decl":{"start":{"line":31,"column":10},"end":{"line":31,"column":11}},"loc":{"start":{"line":31,"column":22},"end":{"line":67,"column":5}},"line":31},"6":{"name":"(anonymous_6)","decl":{"start":{"line":64,"column":23},"end":{"line":64,"column":24}},"loc":{"start":{"line":64,"column":29},"end":{"line":64,"column":76}},"line":64},"7":{"name":"(anonymous_7)","decl":{"start":{"line":70,"column":15},"end":{"line":70,"column":16}},"loc":{"start":{"line":70,"column":30},"end":{"line":76,"column":1}},"line":70}},"branchMap":{"0":{"loc":{"start":{"line":62,"column":6},"end":{"line":66,"column":7}},"type":"if","locations":[{"start":{"line":62,"column":6},"end":{"line":66,"column":7}},{"start":{},"end":{}}],"line":62},"1":{"loc":{"start":{"line":62,"column":10},"end":{"line":62,"column":43}},"type":"binary-expr","locations":[{"start":{"line":62,"column":10},"end":{"line":62,"column":20}},{"start":{"line":62,"column":24},"end":{"line":62,"column":43}}],"line":62}},"s":{"0":5,"1":5,"2":5,"3":5,"4":5,"5":5,"6":5,"7":5,"8":5,"9":5,"10":5,"11":5,"12":5,"13":5,"14":5,"15":5,"16":5,"17":5,"18":5,"19":5,"20":5,"21":5,"22":5,"23":5,"24":5,"25":5,"26":45,"27":5,"28":0},"f":{"0":5,"1":5,"2":5,"3":5,"4":5,"5":5,"6":45,"7":0},"b":{"0":[5,0],"1":[5,5]},"_coverageSchema":"1a1c01bbd47fc00a2c39e90264f33305004495a9","hash":"a01036bc5166eae26969fefbd93c1bb672c98bb7"}
,"/home/sesaymohamedaugustin/SchoolAdmin/Backend/src/db.js": {"path":"/home/sesaymohamedaugustin/SchoolAdmin/Backend/src/db.js","statementMap":{"0":{"start":{"line":1,"column":13},"end":{"line":1,"column":28}},"1":{"start":{"line":2,"column":17},"end":{"line":2,"column":42}},"2":{"start":{"line":3,"column":11},"end":{"line":3,"column":24}},"3":{"start":{"line":18,"column":19},"end":{"line":18,"column":102}},"4":{"start":{"line":18,"column":89},"end":{"line":18,"column":100}},"5":{"start":{"line":20,"column":2},"end":{"line":24,"column":3}},"6":{"start":{"line":21,"column":4},"end":{"line":23,"column":5}},"7":{"start":{"line":22,"column":6},"end":{"line":22,"column":78}},"8":{"start":{"line":28,"column":18},"end":{"line":28,"column":143}},"9":{"start":{"line":30,"column":14},"end":{"line":30,"column":67}},"10":{"start":{"line":31,"column":2},"end":{"line":31,"column":72}},"11":{"start":{"line":31,"column":34},"end":{"line":31,"column":72}},"12":{"start":{"line":33,"column":2},"end":{"line":33,"column":28}},"13":{"start":{"line":36,"column":2},"end":{"line":36,"column":59}},"14":{"start":{"line":37,"column":2},"end":{"line":37,"column":68}},"15":{"start":{"line":38,"column":2},"end":{"line":41,"column":4}},"16":{"start":{"line":42,"column":2},"end":{"line":48,"column":4}},"17":{"start":{"line":49,"column":2},"end":{"line":49,"column":69}},"18":{"start":{"line":51,"column":2},"end":{"line":51,"column":59}},"19":{"start":{"line":52,"column":2},"end":{"line":52,"column":68}},"20":{"start":{"line":53,"column":2},"end":{"line":56,"column":4}},"21":{"start":{"line":57,"column":2},"end":{"line":62,"column":4}},"22":{"start":{"line":63,"column":2},"end":{"line":63,"column":69}},"23":{"start":{"line":65,"column":2},"end":{"line":65,"column":57}},"24":{"start":{"line":66,"column":2},"end":{"line":66,"column":65}},"25":{"start":{"line":67,"column":2},"end":{"line":67,"column":158}},"26":{"start":{"line":68,"column":2},"end":{"line":68,"column":167}},"27":{"start":{"line":69,"column":2},"end":{"line":69,"column":66}},"28":{"start":{"line":72,"column":2},"end":{"line":72,"column":87}},"29":{"start":{"line":73,"column":2},"end":{"line":73,"column":83}},"30":{"start":{"line":74,"column":2},"end":{"line":74,"column":76}},"31":{"start":{"line":77,"column":2},"end":{"line":77,"column":66}},"32":{"start":{"line":78,"column":2},"end":{"line":78,"column":75}},"33":{"start":{"line":79,"column":2},"end":{"line":79,"column":120}},"34":{"start":{"line":80,"column":2},"end":{"line":80,"column":126}},"35":{"start":{"line":81,"column":2},"end":{"line":81,"column":76}},"36":{"start":{"line":83,"column":2},"end":{"line":83,"column":59}},"37":{"start":{"line":84,"column":2},"end":{"line":84,"column":68}},"38":{"start":{"line":85,"column":2},"end":{"line":85,"column":96}},"39":{"start":{"line":86,"column":2},"end":{"line":86,"column":101}},"40":{"start":{"line":87,"column":2},"end":{"line":87,"column":69}},"41":{"start":{"line":89,"column":2},"end":{"line":89,"column":83}},"42":{"start":{"line":90,"column":2},"end":{"line":90,"column":154}},"43":{"start":{"line":91,"column":2},"end":{"line":91,"column":71}},"44":{"start":{"line":93,"column":2},"end":{"line":93,"column":97}},"45":{"start":{"line":94,"column":2},"end":{"line":94,"column":99}},"46":{"start":{"line":95,"column":2},"end":{"line":95,"column":109}},"47":{"start":{"line":96,"column":2},"end":{"line":96,"column":100}},"48":{"start":{"line":98,"column":2},"end":{"line":98,"column":152}},"49":{"start":{"line":99,"column":2},"end":{"line":99,"column":128}},"50":{"start":{"line":101,"column":2},"end":{"line":101,"column":110}},"51":{"start":{"line":102,"column":2},"end":{"line":102,"column":83}},"52":{"start":{"line":103,"column":2},"end":{"line":103,"column":99}},"53":{"start":{"line":106,"column":2},"end":{"line":111,"column":4}},"54":{"start":{"line":112,"column":2},"end":{"line":115,"column":4}},"55":{"start":{"line":116,"column":2},"end":{"line":116,"column":96}},"56":{"start":{"line":117,"column":2},"end":{"line":117,"column":118}},"57":{"start":{"line":118,"column":2},"end":{"line":118,"column":112}},"58":{"start":{"line":119,"column":2},"end":{"line":119,"column":104}},"59":{"start":{"line":120,"column":2},"end":{"line":120,"column":113}},"60":{"start":{"line":122,"column":2},"end":{"line":122,"column":130}},"61":{"start":{"line":123,"column":2},"end":{"line":123,"column":138}},"62":{"start":{"line":126,"column":2},"end":{"line":126,"column":78}},"63":{"start":{"line":127,"column":2},"end":{"line":127,"column":97}},"64":{"start":{"line":128,"column":2},"end":{"line":133,"column":4}},"65":{"start":{"line":136,"column":2},"end":{"line":151,"column":4}},"66":{"start":{"line":155,"column":28},"end":{"line":155,"column":59}},"67":{"start":{"line":156,"column":26},"end":{"line":156,"column":55}},"68":{"start":{"line":157,"column":24},"end":{"line":157,"column":51}},"69":{"start":{"line":161,"column":2},"end":{"line":161,"column":94}},"70":{"start":{"line":161,"column":44},"end":{"line":161,"column":92}},"71":{"start":{"line":165,"column":12},"end":{"line":165,"column":34}},"72":{"start":{"line":166,"column":2},"end":{"line":166,"column":21}},"73":{"start":{"line":166,"column":10},"end":{"line":166,"column":21}},"74":{"start":{"line":167,"column":2},"end":{"line":167,"column":57}},"75":{"start":{"line":171,"column":15},"end":{"line":171,"column":59}},"76":{"start":{"line":172,"column":15},"end":{"line":177,"column":3}},"77":{"start":{"line":178,"column":2},"end":{"line":178,"column":45}},"78":{"start":{"line":182,"column":12},"end":{"line":182,"column":30}},"79":{"start":{"line":183,"column":2},"end":{"line":183,"column":21}},"80":{"start":{"line":183,"column":10},"end":{"line":183,"column":21}},"81":{"start":{"line":184,"column":15},"end":{"line":184,"column":77}},"82":{"start":{"line":185,"column":2},"end":{"line":199,"column":3}},"83":{"start":{"line":200,"column":2},"end":{"line":200,"column":27}},"84":{"start":{"line":204,"column":12},"end":{"line":204,"column":30}},"85":{"start":{"line":205,"column":2},"end":{"line":205,"column":21}},"86":{"start":{"line":205,"column":10},"end":{"line":205,"column":21}},"87":{"start":{"line":206,"column":2},"end":{"line":206,"column":27}},"88":{"start":{"line":207,"column":2},"end":{"line":207,"column":10}},"89":{"start":{"line":212,"column":2},"end":{"line":212,"column":33}},"90":{"start":{"line":216,"column":2},"end":{"line":216,"column":39}},"91":{"start":{"line":220,"column":15},"end":{"line":224,"column":3}},"92":{"start":{"line":225,"column":2},"end":{"line":225,"column":45}},"93":{"start":{"line":229,"column":12},"end":{"line":229,"column":30}},"94":{"start":{"line":230,"column":2},"end":{"line":230,"column":21}},"95":{"start":{"line":230,"column":10},"end":{"line":230,"column":21}},"96":{"start":{"line":231,"column":2},"end":{"line":241,"column":3}},"97":{"start":{"line":242,"column":2},"end":{"line":242,"column":27}},"98":{"start":{"line":246,"column":12},"end":{"line":246,"column":30}},"99":{"start":{"line":247,"column":2},"end":{"line":247,"column":21}},"100":{"start":{"line":247,"column":10},"end":{"line":247,"column":21}},"101":{"start":{"line":248,"column":2},"end":{"line":248,"column":27}},"102":{"start":{"line":249,"column":2},"end":{"line":249,"column":10}},"103":{"start":{"line":254,"column":2},"end":{"line":254,"column":32}},"104":{"start":{"line":258,"column":2},"end":{"line":258,"column":37}},"105":{"start":{"line":262,"column":15},"end":{"line":265,"column":3}},"106":{"start":{"line":266,"column":2},"end":{"line":266,"column":43}},"107":{"start":{"line":270,"column":12},"end":{"line":270,"column":28}},"108":{"start":{"line":271,"column":2},"end":{"line":271,"column":21}},"109":{"start":{"line":271,"column":10},"end":{"line":271,"column":21}},"110":{"start":{"line":272,"column":2},"end":{"line":281,"column":3}},"111":{"start":{"line":282,"column":2},"end":{"line":282,"column":25}},"112":{"start":{"line":286,"column":12},"end":{"line":286,"column":28}},"113":{"start":{"line":287,"column":2},"end":{"line":287,"column":21}},"114":{"start":{"line":287,"column":10},"end":{"line":287,"column":21}},"115":{"start":{"line":288,"column":2},"end":{"line":288,"column":25}},"116":{"start":{"line":289,"column":2},"end":{"line":289,"column":10}},"117":{"start":{"line":293,"column":27},"end":{"line":293,"column":57}},"118":{"start":{"line":294,"column":29},"end":{"line":294,"column":65}},"119":{"start":{"line":296,"column":15},"end":{"line":296,"column":117}},"120":{"start":{"line":297,"column":2},"end":{"line":297,"column":44}},"121":{"start":{"line":300,"column":12},"end":{"line":300,"column":29}},"122":{"start":{"line":301,"column":2},"end":{"line":301,"column":21}},"123":{"start":{"line":301,"column":10},"end":{"line":301,"column":21}},"124":{"start":{"line":302,"column":2},"end":{"line":302,"column":132}},"125":{"start":{"line":303,"column":2},"end":{"line":303,"column":26}},"126":{"start":{"line":306,"column":12},"end":{"line":306,"column":29}},"127":{"start":{"line":307,"column":2},"end":{"line":307,"column":21}},"128":{"start":{"line":307,"column":10},"end":{"line":307,"column":21}},"129":{"start":{"line":308,"column":2},"end":{"line":308,"column":26}},"130":{"start":{"line":309,"column":2},"end":{"line":309,"column":10}},"131":{"start":{"line":313,"column":28},"end":{"line":313,"column":59}},"132":{"start":{"line":314,"column":30},"end":{"line":314,"column":67}},"133":{"start":{"line":316,"column":15},"end":{"line":316,"column":89}},"134":{"start":{"line":317,"column":2},"end":{"line":317,"column":45}},"135":{"start":{"line":320,"column":12},"end":{"line":320,"column":30}},"136":{"start":{"line":321,"column":2},"end":{"line":321,"column":21}},"137":{"start":{"line":321,"column":10},"end":{"line":321,"column":21}},"138":{"start":{"line":322,"column":2},"end":{"line":322,"column":98}},"139":{"start":{"line":323,"column":2},"end":{"line":323,"column":27}},"140":{"start":{"line":326,"column":12},"end":{"line":326,"column":30}},"141":{"start":{"line":327,"column":2},"end":{"line":327,"column":21}},"142":{"start":{"line":327,"column":10},"end":{"line":327,"column":21}},"143":{"start":{"line":328,"column":2},"end":{"line":328,"column":27}},"144":{"start":{"line":329,"column":2},"end":{"line":329,"column":10}},"145":{"start":{"line":333,"column":40},"end":{"line":333,"column":82}},"146":{"start":{"line":335,"column":15},"end":{"line":335,"column":137}},"147":{"start":{"line":336,"column":2},"end":{"line":336,"column":46}},"148":{"start":{"line":339,"column":2},"end":{"line":339,"column":28}},"149":{"start":{"line":340,"column":2},"end":{"line":340,"column":15}},"150":{"start":{"line":345,"column":2},"end":{"line":345,"column":46}},"151":{"start":{"line":346,"column":2},"end":{"line":346,"column":31}},"152":{"start":{"line":350,"column":2},"end":{"line":350,"column":46}},"153":{"start":{"line":351,"column":2},"end":{"line":351,"column":31}},"154":{"start":{"line":355,"column":2},"end":{"line":355,"column":86}},"155":{"start":{"line":355,"column":57},"end":{"line":355,"column":85}},"156":{"start":{"line":359,"column":2},"end":{"line":359,"column":86}},"157":{"start":{"line":359,"column":61},"end":{"line":359,"column":85}},"158":{"start":{"line":364,"column":2},"end":{"line":364,"column":55}},"159":{"start":{"line":364,"column":18},"end":{"line":364,"column":55}},"160":{"start":{"line":365,"column":16},"end":{"line":365,"column":53}},"161":{"start":{"line":366,"column":14},"end":{"line":366,"column":38}},"162":{"start":{"line":367,"column":2},"end":{"line":367,"column":66}},"163":{"start":{"line":368,"column":2},"end":{"line":368,"column":63}},"164":{"start":{"line":372,"column":2},"end":{"line":372,"column":55}},"165":{"start":{"line":372,"column":18},"end":{"line":372,"column":55}},"166":{"start":{"line":373,"column":16},"end":{"line":373,"column":53}},"167":{"start":{"line":374,"column":14},"end":{"line":374,"column":62}},"168":{"start":{"line":375,"column":2},"end":{"line":375,"column":71}},"169":{"start":{"line":380,"column":2},"end":{"line":380,"column":52}},"170":{"start":{"line":384,"column":2},"end":{"line":384,"column":40}},"171":{"start":{"line":388,"column":15},"end":{"line":388,"column":91}},"172":{"start":{"line":389,"column":17},"end":{"line":389,"column":37}},"173":{"start":{"line":390,"column":2},"end":{"line":390,"column":64}},"174":{"start":{"line":393,"column":19},"end":{"line":393,"column":41}},"175":{"start":{"line":394,"column":15},"end":{"line":394,"column":48}},"176":{"start":{"line":395,"column":2},"end":{"line":397,"column":3}},"177":{"start":{"line":396,"column":4},"end":{"line":396,"column":43}},"178":{"start":{"line":399,"column":2},"end":{"line":399,"column":28}},"179":{"start":{"line":404,"column":2},"end":{"line":404,"column":56}},"180":{"start":{"line":408,"column":2},"end":{"line":408,"column":132}},"181":{"start":{"line":409,"column":2},"end":{"line":409,"column":13}},"182":{"start":{"line":413,"column":2},"end":{"line":413,"column":39}},"183":{"start":{"line":417,"column":2},"end":{"line":417,"column":47}},"184":{"start":{"line":421,"column":2},"end":{"line":421,"column":66}},"185":{"start":{"line":422,"column":2},"end":{"line":422,"column":23}},"186":{"start":{"line":426,"column":2},"end":{"line":426,"column":27}},"187":{"start":{"line":427,"column":2},"end":{"line":427,"column":30}},"188":{"start":{"line":431,"column":2},"end":{"line":431,"column":35}},"189":{"start":{"line":432,"column":2},"end":{"line":432,"column":34}},"190":{"start":{"line":436,"column":2},"end":{"line":436,"column":140}},"191":{"start":{"line":441,"column":2},"end":{"line":441,"column":111}},"192":{"start":{"line":441,"column":48},"end":{"line":441,"column":109}},"193":{"start":{"line":445,"column":2},"end":{"line":445,"column":60}},"194":{"start":{"line":445,"column":53},"end":{"line":445,"column":59}},"195":{"start":{"line":448,"column":0},"end":{"line":462,"column":1}}},"fnMap":{"0":{"name":"ensureColumns","decl":{"start":{"line":17,"column":9},"end":{"line":17,"column":22}},"loc":{"start":{"line":17,"column":39},"end":{"line":25,"column":1}},"line":17},"1":{"name":"(anonymous_1)","decl":{"start":{"line":18,"column":79},"end":{"line":18,"column":80}},"loc":{"start":{"line":18,"column":89},"end":{"line":18,"column":100}},"line":18},"2":{"name":"init","decl":{"start":{"line":27,"column":9},"end":{"line":27,"column":13}},"loc":{"start":{"line":27,"column":16},"end":{"line":152,"column":1}},"line":27},"3":{"name":"getAllSections","decl":{"start":{"line":155,"column":9},"end":{"line":155,"column":23}},"loc":{"start":{"line":155,"column":26},"end":{"line":155,"column":61}},"line":155},"4":{"name":"getAllGrades","decl":{"start":{"line":156,"column":9},"end":{"line":156,"column":21}},"loc":{"start":{"line":156,"column":24},"end":{"line":156,"column":57}},"line":156},"5":{"name":"getAllArms","decl":{"start":{"line":157,"column":9},"end":{"line":157,"column":19}},"loc":{"start":{"line":157,"column":22},"end":{"line":157,"column":53}},"line":157},"6":{"name":"getAllStudents","decl":{"start":{"line":160,"column":9},"end":{"line":160,"column":23}},"loc":{"start":{"line":160,"column":26},"end":{"line":162,"column":1}},"line":160},"7":{"name":"(anonymous_7)","decl":{"start":{"line":161,"column":38},"end":{"line":161,"column":39}},"loc":{"start":{"line":161,"column":44},"end":{"line":161,"column":92}},"line":161},"8":{"name":"getStudentById","decl":{"start":{"line":164,"column":9},"end":{"line":164,"column":23}},"loc":{"start":{"line":164,"column":28},"end":{"line":168,"column":1}},"line":164},"9":{"name":"createStudent","decl":{"start":{"line":170,"column":9},"end":{"line":170,"column":22}},"loc":{"start":{"line":170,"column":29},"end":{"line":179,"column":1}},"line":170},"10":{"name":"updateStudent","decl":{"start":{"line":181,"column":9},"end":{"line":181,"column":22}},"loc":{"start":{"line":181,"column":33},"end":{"line":201,"column":1}},"line":181},"11":{"name":"deleteStudent","decl":{"start":{"line":203,"column":9},"end":{"line":203,"column":22}},"loc":{"start":{"line":203,"column":27},"end":{"line":208,"column":1}},"line":203},"12":{"name":"getAllTeachers","decl":{"start":{"line":211,"column":9},"end":{"line":211,"column":23}},"loc":{"start":{"line":211,"column":26},"end":{"line":213,"column":1}},"line":211},"13":{"name":"getTeacherById","decl":{"start":{"line":215,"column":9},"end":{"line":215,"column":23}},"loc":{"start":{"line":215,"column":28},"end":{"line":217,"column":1}},"line":215},"14":{"name":"createTeacher","decl":{"start":{"line":219,"column":9},"end":{"line":219,"column":22}},"loc":{"start":{"line":219,"column":29},"end":{"line":226,"column":1}},"line":219},"15":{"name":"updateTeacher","decl":{"start":{"line":228,"column":9},"end":{"line":228,"column":22}},"loc":{"start":{"line":228,"column":33},"end":{"line":243,"column":1}},"line":228},"16":{"name":"deleteTeacher","decl":{"start":{"line":245,"column":9},"end":{"line":245,"column":22}},"loc":{"start":{"line":245,"column":27},"end":{"line":250,"column":1}},"line":245},"17":{"name":"getAllClasses","decl":{"start":{"line":253,"column":9},"end":{"line":253,"column":22}},"loc":{"start":{"line":253,"column":25},"end":{"line":255,"column":1}},"line":253},"18":{"name":"getClassById","decl":{"start":{"line":257,"column":9},"end":{"line":257,"column":21}},"loc":{"start":{"line":257,"column":26},"end":{"line":259,"column":1}},"line":257},"19":{"name":"createClass","decl":{"start":{"line":261,"column":9},"end":{"line":261,"column":20}},"loc":{"start":{"line":261,"column":27},"end":{"line":267,"column":1}},"line":261},"20":{"name":"updateClass","decl":{"start":{"line":269,"column":9},"end":{"line":269,"column":20}},"loc":{"start":{"line":269,"column":31},"end":{"line":283,"column":1}},"line":269},"21":{"name":"deleteClass","decl":{"start":{"line":285,"column":9},"end":{"line":285,"column":20}},"loc":{"start":{"line":285,"column":25},"end":{"line":290,"column":1}},"line":285},"22":{"name":"getAllPeriods","decl":{"start":{"line":293,"column":9},"end":{"line":293,"column":22}},"loc":{"start":{"line":293,"column":25},"end":{"line":293,"column":59}},"line":293},"23":{"name":"getPeriodById","decl":{"start":{"line":294,"column":9},"end":{"line":294,"column":22}},"loc":{"start":{"line":294,"column":27},"end":{"line":294,"column":67}},"line":294},"24":{"name":"createPeriod","decl":{"start":{"line":295,"column":9},"end":{"line":295,"column":21}},"loc":{"start":{"line":295,"column":28},"end":{"line":298,"column":1}},"line":295},"25":{"name":"updatePeriod","decl":{"start":{"line":299,"column":9},"end":{"line":299,"column":21}},"loc":{"start":{"line":299,"column":32},"end":{"line":304,"column":1}},"line":299},"26":{"name":"deletePeriod","decl":{"start":{"line":305,"column":9},"end":{"line":305,"column":21}},"loc":{"start":{"line":305,"column":26},"end":{"line":310,"column":1}},"line":305},"27":{"name":"getAllSubjects","decl":{"start":{"line":313,"column":9},"end":{"line":313,"column":23}},"loc":{"start":{"line":313,"column":26},"end":{"line":313,"column":61}},"line":313},"28":{"name":"getSubjectById","decl":{"start":{"line":314,"column":9},"end":{"line":314,"column":23}},"loc":{"start":{"line":314,"column":28},"end":{"line":314,"column":69}},"line":314},"29":{"name":"createSubject","decl":{"start":{"line":315,"column":9},"end":{"line":315,"column":22}},"loc":{"start":{"line":315,"column":29},"end":{"line":318,"column":1}},"line":315},"30":{"name":"updateSubject","decl":{"start":{"line":319,"column":9},"end":{"line":319,"column":22}},"loc":{"start":{"line":319,"column":33},"end":{"line":324,"column":1}},"line":319},"31":{"name":"deleteSubject","decl":{"start":{"line":325,"column":9},"end":{"line":325,"column":22}},"loc":{"start":{"line":325,"column":27},"end":{"line":330,"column":1}},"line":325},"32":{"name":"getScheduleForClass","decl":{"start":{"line":333,"column":9},"end":{"line":333,"column":28}},"loc":{"start":{"line":333,"column":38},"end":{"line":333,"column":84}},"line":333},"33":{"name":"createSchedule","decl":{"start":{"line":334,"column":9},"end":{"line":334,"column":23}},"loc":{"start":{"line":334,"column":30},"end":{"line":337,"column":1}},"line":334},"34":{"name":"deleteSchedule","decl":{"start":{"line":338,"column":9},"end":{"line":338,"column":23}},"loc":{"start":{"line":338,"column":28},"end":{"line":341,"column":1}},"line":338},"35":{"name":"enrollStudent","decl":{"start":{"line":344,"column":9},"end":{"line":344,"column":22}},"loc":{"start":{"line":344,"column":43},"end":{"line":347,"column":1}},"line":344},"36":{"name":"unenrollStudent","decl":{"start":{"line":349,"column":9},"end":{"line":349,"column":24}},"loc":{"start":{"line":349,"column":45},"end":{"line":352,"column":1}},"line":349},"37":{"name":"getStudentsInClass","decl":{"start":{"line":354,"column":9},"end":{"line":354,"column":27}},"loc":{"start":{"line":354,"column":37},"end":{"line":356,"column":1}},"line":354},"38":{"name":"(anonymous_38)","decl":{"start":{"line":355,"column":52},"end":{"line":355,"column":53}},"loc":{"start":{"line":355,"column":57},"end":{"line":355,"column":85}},"line":355},"39":{"name":"getClassesForStudent","decl":{"start":{"line":358,"column":9},"end":{"line":358,"column":29}},"loc":{"start":{"line":358,"column":41},"end":{"line":360,"column":1}},"line":358},"40":{"name":"(anonymous_40)","decl":{"start":{"line":359,"column":56},"end":{"line":359,"column":57}},"loc":{"start":{"line":359,"column":61},"end":{"line":359,"column":85}},"line":359},"41":{"name":"markPresent","decl":{"start":{"line":363,"column":9},"end":{"line":363,"column":20}},"loc":{"start":{"line":363,"column":65},"end":{"line":369,"column":1}},"line":363},"42":{"name":"getAttendance","decl":{"start":{"line":371,"column":9},"end":{"line":371,"column":22}},"loc":{"start":{"line":371,"column":50},"end":{"line":376,"column":1}},"line":371},"43":{"name":"getUserByUsername","decl":{"start":{"line":379,"column":9},"end":{"line":379,"column":26}},"loc":{"start":{"line":379,"column":37},"end":{"line":381,"column":1}},"line":379},"44":{"name":"getUserById","decl":{"start":{"line":383,"column":9},"end":{"line":383,"column":20}},"loc":{"start":{"line":383,"column":25},"end":{"line":385,"column":1}},"line":383},"45":{"name":"createUser","decl":{"start":{"line":387,"column":9},"end":{"line":387,"column":19}},"loc":{"start":{"line":387,"column":26},"end":{"line":400,"column":1}},"line":387},"46":{"name":"getUserByIdentifier","decl":{"start":{"line":403,"column":9},"end":{"line":403,"column":28}},"loc":{"start":{"line":403,"column":41},"end":{"line":405,"column":1}},"line":403},"47":{"name":"createSession","decl":{"start":{"line":407,"column":9},"end":{"line":407,"column":22}},"loc":{"start":{"line":407,"column":29},"end":{"line":410,"column":1}},"line":407},"48":{"name":"getSession","decl":{"start":{"line":412,"column":9},"end":{"line":412,"column":19}},"loc":{"start":{"line":412,"column":24},"end":{"line":414,"column":1}},"line":412},"49":{"name":"getSessionByHash","decl":{"start":{"line":416,"column":9},"end":{"line":416,"column":25}},"loc":{"start":{"line":416,"column":32},"end":{"line":418,"column":1}},"line":416},"50":{"name":"updateSession","decl":{"start":{"line":420,"column":9},"end":{"line":420,"column":22}},"loc":{"start":{"line":420,"column":33},"end":{"line":423,"column":1}},"line":420},"51":{"name":"revokeSession","decl":{"start":{"line":425,"column":9},"end":{"line":425,"column":22}},"loc":{"start":{"line":425,"column":27},"end":{"line":428,"column":1}},"line":425},"52":{"name":"revokeAllUserSessions","decl":{"start":{"line":430,"column":9},"end":{"line":430,"column":30}},"loc":{"start":{"line":430,"column":39},"end":{"line":433,"column":1}},"line":430},"53":{"name":"logSecurityEvent","decl":{"start":{"line":435,"column":9},"end":{"line":435,"column":25}},"loc":{"start":{"line":435,"column":32},"end":{"line":437,"column":1}},"line":435},"54":{"name":"getUserRoles","decl":{"start":{"line":440,"column":9},"end":{"line":440,"column":21}},"loc":{"start":{"line":440,"column":30},"end":{"line":442,"column":1}},"line":440},"55":{"name":"(anonymous_55)","decl":{"start":{"line":441,"column":42},"end":{"line":441,"column":43}},"loc":{"start":{"line":441,"column":48},"end":{"line":441,"column":109}},"line":441},"56":{"name":"getUserPermissions","decl":{"start":{"line":444,"column":9},"end":{"line":444,"column":27}},"loc":{"start":{"line":444,"column":36},"end":{"line":446,"column":1}},"line":444},"57":{"name":"(anonymous_57)","decl":{"start":{"line":445,"column":48},"end":{"line":445,"column":49}},"loc":{"start":{"line":445,"column":53},"end":{"line":445,"column":59}},"line":445}},"branchMap":{"0":{"loc":{"start":{"line":21,"column":4},"end":{"line":23,"column":5}},"type":"if","locations":[{"start":{"line":21,"column":4},"end":{"line":23,"column":5}},{"start":{},"end":{}}],"line":21},"1":{"loc":{"start":{"line":28,"column":18},"end":{"line":28,"column":143}},"type":"cond-expr","locations":[{"start":{"line":28,"column":61},"end":{"line":28,"column":71}},{"start":{"line":28,"column":75},"end":{"line":28,"column":142}}],"line":28},"2":{"loc":{"start":{"line":28,"column":75},"end":{"line":28,"column":142}},"type":"binary-expr","locations":[{"start":{"line":28,"column":75},"end":{"line":28,"column":94}},{"start":{"line":28,"column":98},"end":{"line":28,"column":142}}],"line":28},"3":{"loc":{"start":{"line":30,"column":14},"end":{"line":30,"column":67}},"type":"cond-expr","locations":[{"start":{"line":30,"column":39},"end":{"line":30,"column":43}},{"start":{"line":30,"column":46},"end":{"line":30,"column":67}}],"line":30},"4":{"loc":{"start":{"line":31,"column":2},"end":{"line":31,"column":72}},"type":"if","locations":[{"start":{"line":31,"column":2},"end":{"line":31,"column":72}},{"start":{},"end":{}}],"line":31},"5":{"loc":{"start":{"line":31,"column":6},"end":{"line":31,"column":32}},"type":"binary-expr","locations":[{"start":{"line":31,"column":6},"end":{"line":31,"column":9}},{"start":{"line":31,"column":13},"end":{"line":31,"column":32}}],"line":31},"6":{"loc":{"start":{"line":161,"column":58},"end":{"line":161,"column":90}},"type":"cond-expr","locations":[{"start":{"line":161,"column":67},"end":{"line":161,"column":85}},{"start":{"line":161,"column":88},"end":{"line":161,"column":90}}],"line":161},"7":{"loc":{"start":{"line":166,"column":2},"end":{"line":166,"column":21}},"type":"if","locations":[{"start":{"line":166,"column":2},"end":{"line":166,"column":21}},{"start":{},"end":{}}],"line":166},"8":{"loc":{"start":{"line":167,"column":23},"end":{"line":167,"column":55}},"type":"cond-expr","locations":[{"start":{"line":167,"column":32},"end":{"line":167,"column":50}},{"start":{"line":167,"column":53},"end":{"line":167,"column":55}}],"line":167},"9":{"loc":{"start":{"line":171,"column":15},"end":{"line":171,"column":59}},"type":"cond-expr","locations":[{"start":{"line":171,"column":27},"end":{"line":171,"column":52}},{"start":{"line":171,"column":55},"end":{"line":171,"column":59}}],"line":171},"10":{"loc":{"start":{"line":173,"column":15},"end":{"line":173,"column":33}},"type":"binary-expr","locations":[{"start":{"line":173,"column":15},"end":{"line":173,"column":25}},{"start":{"line":173,"column":29},"end":{"line":173,"column":33}}],"line":173},"11":{"loc":{"start":{"line":173,"column":35},"end":{"line":173,"column":58}},"type":"binary-expr","locations":[{"start":{"line":173,"column":35},"end":{"line":173,"column":50}},{"start":{"line":173,"column":54},"end":{"line":173,"column":58}}],"line":173},"12":{"loc":{"start":{"line":173,"column":60},"end":{"line":173,"column":80}},"type":"binary-expr","locations":[{"start":{"line":173,"column":60},"end":{"line":173,"column":72}},{"start":{"line":173,"column":76},"end":{"line":173,"column":80}}],"line":173},"13":{"loc":{"start":{"line":174,"column":4},"end":{"line":174,"column":23}},"type":"binary-expr","locations":[{"start":{"line":174,"column":4},"end":{"line":174,"column":15}},{"start":{"line":174,"column":19},"end":{"line":174,"column":23}}],"line":174},"14":{"loc":{"start":{"line":174,"column":25},"end":{"line":174,"column":41}},"type":"binary-expr","locations":[{"start":{"line":174,"column":25},"end":{"line":174,"column":33}},{"start":{"line":174,"column":37},"end":{"line":174,"column":41}}],"line":174},"15":{"loc":{"start":{"line":174,"column":43},"end":{"line":174,"column":63}},"type":"binary-expr","locations":[{"start":{"line":174,"column":43},"end":{"line":174,"column":55}},{"start":{"line":174,"column":59},"end":{"line":174,"column":63}}],"line":174},"16":{"loc":{"start":{"line":175,"column":4},"end":{"line":175,"column":27}},"type":"binary-expr","locations":[{"start":{"line":175,"column":4},"end":{"line":175,"column":19}},{"start":{"line":175,"column":23},"end":{"line":175,"column":27}}],"line":175},"17":{"loc":{"start":{"line":175,"column":29},"end":{"line":175,"column":53}},"type":"binary-expr","locations":[{"start":{"line":175,"column":29},"end":{"line":175,"column":45}},{"start":{"line":175,"column":49},"end":{"line":175,"column":53}}],"line":175},"18":{"loc":{"start":{"line":175,"column":55},"end":{"line":175,"column":78}},"type":"binary-expr","locations":[{"start":{"line":175,"column":55},"end":{"line":175,"column":66}},{"start":{"line":175,"column":70},"end":{"line":175,"column":78}}],"line":175},"19":{"loc":{"start":{"line":176,"column":4},"end":{"line":176,"column":24}},"type":"binary-expr","locations":[{"start":{"line":176,"column":4},"end":{"line":176,"column":16}},{"start":{"line":176,"column":20},"end":{"line":176,"column":24}}],"line":176},"20":{"loc":{"start":{"line":176,"column":26},"end":{"line":176,"column":44}},"type":"binary-expr","locations":[{"start":{"line":176,"column":26},"end":{"line":176,"column":36}},{"start":{"line":176,"column":40},"end":{"line":176,"column":44}}],"line":176},"21":{"loc":{"start":{"line":183,"column":2},"end":{"line":183,"column":21}},"type":"if","locations":[{"start":{"line":183,"column":2},"end":{"line":183,"column":21}},{"start":{},"end":{}}],"line":183},"22":{"loc":{"start":{"line":184,"column":15},"end":{"line":184,"column":77}},"type":"cond-expr","locations":[{"start":{"line":184,"column":27},"end":{"line":184,"column":52}},{"start":{"line":184,"column":55},"end":{"line":184,"column":77}}],"line":184},"23":{"loc":{"start":{"line":186,"column":4},"end":{"line":186,"column":23}},"type":"binary-expr","locations":[{"start":{"line":186,"column":4},"end":{"line":186,"column":13}},{"start":{"line":186,"column":17},"end":{"line":186,"column":23}}],"line":186},"24":{"loc":{"start":{"line":186,"column":25},"end":{"line":186,"column":72}},"type":"cond-expr","locations":[{"start":{"line":186,"column":52},"end":{"line":186,"column":62}},{"start":{"line":186,"column":65},"end":{"line":186,"column":72}}],"line":186},"25":{"loc":{"start":{"line":187,"column":4},"end":{"line":187,"column":67}},"type":"cond-expr","locations":[{"start":{"line":187,"column":36},"end":{"line":187,"column":51}},{"start":{"line":187,"column":54},"end":{"line":187,"column":67}}],"line":187},"26":{"loc":{"start":{"line":188,"column":4},"end":{"line":188,"column":57}},"type":"cond-expr","locations":[{"start":{"line":188,"column":33},"end":{"line":188,"column":45}},{"start":{"line":188,"column":48},"end":{"line":188,"column":57}}],"line":188},"27":{"loc":{"start":{"line":189,"column":4},"end":{"line":189,"column":54}},"type":"cond-expr","locations":[{"start":{"line":189,"column":32},"end":{"line":189,"column":43}},{"start":{"line":189,"column":46},"end":{"line":189,"column":54}}],"line":189},"28":{"loc":{"start":{"line":190,"column":4},"end":{"line":190,"column":45}},"type":"cond-expr","locations":[{"start":{"line":190,"column":29},"end":{"line":190,"column":37}},{"start":{"line":190,"column":40},"end":{"line":190,"column":45}}],"line":190},"29":{"loc":{"start":{"line":191,"column":4},"end":{"line":191,"column":57}},"type":"cond-expr","locations":[{"start":{"line":191,"column":33},"end":{"line":191,"column":45}},{"start":{"line":191,"column":48},"end":{"line":191,"column":57}}],"line":191},"30":{"loc":{"start":{"line":192,"column":4},"end":{"line":192,"column":67}},"type":"cond-expr","locations":[{"start":{"line":192,"column":36},"end":{"line":192,"column":51}},{"start":{"line":192,"column":54},"end":{"line":192,"column":67}}],"line":192},"31":{"loc":{"start":{"line":193,"column":4},"end":{"line":193,"column":70}},"type":"cond-expr","locations":[{"start":{"line":193,"column":37},"end":{"line":193,"column":53}},{"start":{"line":193,"column":56},"end":{"line":193,"column":70}}],"line":193},"32":{"loc":{"start":{"line":194,"column":4},"end":{"line":194,"column":54}},"type":"cond-expr","locations":[{"start":{"line":194,"column":32},"end":{"line":194,"column":43}},{"start":{"line":194,"column":46},"end":{"line":194,"column":54}}],"line":194},"33":{"loc":{"start":{"line":196,"column":4},"end":{"line":196,"column":58}},"type":"cond-expr","locations":[{"start":{"line":196,"column":33},"end":{"line":196,"column":45}},{"start":{"line":196,"column":48},"end":{"line":196,"column":58}}],"line":196},"34":{"loc":{"start":{"line":197,"column":4},"end":{"line":197,"column":52}},"type":"cond-expr","locations":[{"start":{"line":197,"column":31},"end":{"line":197,"column":41}},{"start":{"line":197,"column":44},"end":{"line":197,"column":52}}],"line":197},"35":{"loc":{"start":{"line":205,"column":2},"end":{"line":205,"column":21}},"type":"if","locations":[{"start":{"line":205,"column":2},"end":{"line":205,"column":21}},{"start":{},"end":{}}],"line":205},"36":{"loc":{"start":{"line":216,"column":9},"end":{"line":216,"column":39}},"type":"binary-expr","locations":[{"start":{"line":216,"column":9},"end":{"line":216,"column":31}},{"start":{"line":216,"column":35},"end":{"line":216,"column":39}}],"line":216},"37":{"loc":{"start":{"line":221,"column":15},"end":{"line":221,"column":33}},"type":"binary-expr","locations":[{"start":{"line":221,"column":15},"end":{"line":221,"column":25}},{"start":{"line":221,"column":29},"end":{"line":221,"column":33}}],"line":221},"38":{"loc":{"start":{"line":221,"column":35},"end":{"line":221,"column":53}},"type":"binary-expr","locations":[{"start":{"line":221,"column":35},"end":{"line":221,"column":45}},{"start":{"line":221,"column":49},"end":{"line":221,"column":53}}],"line":221},"39":{"loc":{"start":{"line":222,"column":4},"end":{"line":222,"column":30}},"type":"binary-expr","locations":[{"start":{"line":222,"column":4},"end":{"line":222,"column":22}},{"start":{"line":222,"column":26},"end":{"line":222,"column":30}}],"line":222},"40":{"loc":{"start":{"line":222,"column":32},"end":{"line":222,"column":56}},"type":"binary-expr","locations":[{"start":{"line":222,"column":32},"end":{"line":222,"column":48}},{"start":{"line":222,"column":52},"end":{"line":222,"column":56}}],"line":222},"41":{"loc":{"start":{"line":223,"column":4},"end":{"line":223,"column":27}},"type":"binary-expr","locations":[{"start":{"line":223,"column":4},"end":{"line":223,"column":15}},{"start":{"line":223,"column":19},"end":{"line":223,"column":27}}],"line":223},"42":{"loc":{"start":{"line":223,"column":29},"end":{"line":223,"column":45}},"type":"binary-expr","locations":[{"start":{"line":223,"column":29},"end":{"line":223,"column":37}},{"start":{"line":223,"column":41},"end":{"line":223,"column":45}}],"line":223},"43":{"loc":{"start":{"line":223,"column":47},"end":{"line":223,"column":67}},"type":"binary-expr","locations":[{"start":{"line":223,"column":47},"end":{"line":223,"column":59}},{"start":{"line":223,"column":63},"end":{"line":223,"column":67}}],"line":223},"44":{"loc":{"start":{"line":230,"column":2},"end":{"line":230,"column":21}},"type":"if","locations":[{"start":{"line":230,"column":2},"end":{"line":230,"column":21}},{"start":{},"end":{}}],"line":230},"45":{"loc":{"start":{"line":232,"column":4},"end":{"line":232,"column":23}},"type":"binary-expr","locations":[{"start":{"line":232,"column":4},"end":{"line":232,"column":13}},{"start":{"line":232,"column":17},"end":{"line":232,"column":23}}],"line":232},"46":{"loc":{"start":{"line":233,"column":4},"end":{"line":233,"column":51}},"type":"cond-expr","locations":[{"start":{"line":233,"column":31},"end":{"line":233,"column":41}},{"start":{"line":233,"column":44},"end":{"line":233,"column":51}}],"line":233},"47":{"loc":{"start":{"line":234,"column":4},"end":{"line":234,"column":51}},"type":"cond-expr","locations":[{"start":{"line":234,"column":31},"end":{"line":234,"column":41}},{"start":{"line":234,"column":44},"end":{"line":234,"column":51}}],"line":234},"48":{"loc":{"start":{"line":235,"column":4},"end":{"line":235,"column":75}},"type":"cond-expr","locations":[{"start":{"line":235,"column":39},"end":{"line":235,"column":57}},{"start":{"line":235,"column":60},"end":{"line":235,"column":75}}],"line":235},"49":{"loc":{"start":{"line":236,"column":4},"end":{"line":236,"column":70}},"type":"cond-expr","locations":[{"start":{"line":236,"column":37},"end":{"line":236,"column":53}},{"start":{"line":236,"column":56},"end":{"line":236,"column":70}}],"line":236},"50":{"loc":{"start":{"line":237,"column":4},"end":{"line":237,"column":54}},"type":"cond-expr","locations":[{"start":{"line":237,"column":32},"end":{"line":237,"column":43}},{"start":{"line":237,"column":46},"end":{"line":237,"column":54}}],"line":237},"51":{"loc":{"start":{"line":238,"column":4},"end":{"line":238,"column":45}},"type":"cond-expr","locations":[{"start":{"line":238,"column":29},"end":{"line":238,"column":37}},{"start":{"line":238,"column":40},"end":{"line":238,"column":45}}],"line":238},"52":{"loc":{"start":{"line":239,"column":4},"end":{"line":239,"column":57}},"type":"cond-expr","locations":[{"start":{"line":239,"column":33},"end":{"line":239,"column":45}},{"start":{"line":239,"column":48},"end":{"line":239,"column":57}}],"line":239},"53":{"loc":{"start":{"line":247,"column":2},"end":{"line":247,"column":21}},"type":"if","locations":[{"start":{"line":247,"column":2},"end":{"line":247,"column":21}},{"start":{},"end":{}}],"line":247},"54":{"loc":{"start":{"line":258,"column":9},"end":{"line":258,"column":37}},"type":"binary-expr","locations":[{"start":{"line":258,"column":9},"end":{"line":258,"column":29}},{"start":{"line":258,"column":33},"end":{"line":258,"column":37}}],"line":258},"55":{"loc":{"start":{"line":263,"column":15},"end":{"line":263,"column":36}},"type":"binary-expr","locations":[{"start":{"line":263,"column":15},"end":{"line":263,"column":28}},{"start":{"line":263,"column":32},"end":{"line":263,"column":36}}],"line":263},"56":{"loc":{"start":{"line":263,"column":38},"end":{"line":263,"column":58}},"type":"binary-expr","locations":[{"start":{"line":263,"column":38},"end":{"line":263,"column":50}},{"start":{"line":263,"column":54},"end":{"line":263,"column":58}}],"line":263},"57":{"loc":{"start":{"line":263,"column":60},"end":{"line":263,"column":82}},"type":"binary-expr","locations":[{"start":{"line":263,"column":60},"end":{"line":263,"column":74}},{"start":{"line":263,"column":78},"end":{"line":263,"column":82}}],"line":263},"58":{"loc":{"start":{"line":264,"column":4},"end":{"line":264,"column":24}},"type":"binary-expr","locations":[{"start":{"line":264,"column":4},"end":{"line":264,"column":16}},{"start":{"line":264,"column":20},"end":{"line":264,"column":24}}],"line":264},"59":{"loc":{"start":{"line":264,"column":26},"end":{"line":264,"column":44}},"type":"binary-expr","locations":[{"start":{"line":264,"column":26},"end":{"line":264,"column":36}},{"start":{"line":264,"column":40},"end":{"line":264,"column":44}}],"line":264},"60":{"loc":{"start":{"line":264,"column":46},"end":{"line":264,"column":75}},"type":"binary-expr","locations":[{"start":{"line":264,"column":46},"end":{"line":264,"column":67}},{"start":{"line":264,"column":71},"end":{"line":264,"column":75}}],"line":264},"61":{"loc":{"start":{"line":271,"column":2},"end":{"line":271,"column":21}},"type":"if","locations":[{"start":{"line":271,"column":2},"end":{"line":271,"column":21}},{"start":{},"end":{}}],"line":271},"62":{"loc":{"start":{"line":273,"column":4},"end":{"line":273,"column":23}},"type":"binary-expr","locations":[{"start":{"line":273,"column":4},"end":{"line":273,"column":13}},{"start":{"line":273,"column":17},"end":{"line":273,"column":23}}],"line":273},"63":{"loc":{"start":{"line":274,"column":4},"end":{"line":274,"column":60}},"type":"cond-expr","locations":[{"start":{"line":274,"column":34},"end":{"line":274,"column":47}},{"start":{"line":274,"column":50},"end":{"line":274,"column":60}}],"line":274},"64":{"loc":{"start":{"line":275,"column":4},"end":{"line":275,"column":57}},"type":"cond-expr","locations":[{"start":{"line":275,"column":33},"end":{"line":275,"column":45}},{"start":{"line":275,"column":48},"end":{"line":275,"column":57}}],"line":275},"65":{"loc":{"start":{"line":276,"column":4},"end":{"line":276,"column":64}},"type":"cond-expr","locations":[{"start":{"line":276,"column":35},"end":{"line":276,"column":49}},{"start":{"line":276,"column":52},"end":{"line":276,"column":64}}],"line":276},"66":{"loc":{"start":{"line":277,"column":4},"end":{"line":277,"column":58}},"type":"cond-expr","locations":[{"start":{"line":277,"column":33},"end":{"line":277,"column":45}},{"start":{"line":277,"column":48},"end":{"line":277,"column":58}}],"line":277},"67":{"loc":{"start":{"line":278,"column":4},"end":{"line":278,"column":52}},"type":"cond-expr","locations":[{"start":{"line":278,"column":31},"end":{"line":278,"column":41}},{"start":{"line":278,"column":44},"end":{"line":278,"column":52}}],"line":278},"68":{"loc":{"start":{"line":279,"column":4},"end":{"line":279,"column":86}},"type":"cond-expr","locations":[{"start":{"line":279,"column":42},"end":{"line":279,"column":63}},{"start":{"line":279,"column":66},"end":{"line":279,"column":86}}],"line":279},"69":{"loc":{"start":{"line":287,"column":2},"end":{"line":287,"column":21}},"type":"if","locations":[{"start":{"line":287,"column":2},"end":{"line":287,"column":21}},{"start":{},"end":{}}],"line":287},"70":{"loc":{"start":{"line":294,"column":36},"end":{"line":294,"column":65}},"type":"binary-expr","locations":[{"start":{"line":294,"column":36},"end":{"line":294,"column":57}},{"start":{"line":294,"column":61},"end":{"line":294,"column":65}}],"line":294},"71":{"loc":{"start":{"line":296,"column":47},"end":{"line":296,"column":69}},"type":"binary-expr","locations":[{"start":{"line":296,"column":47},"end":{"line":296,"column":61}},{"start":{"line":296,"column":65},"end":{"line":296,"column":69}}],"line":296},"72":{"loc":{"start":{"line":296,"column":71},"end":{"line":296,"column":91}},"type":"binary-expr","locations":[{"start":{"line":296,"column":71},"end":{"line":296,"column":83}},{"start":{"line":296,"column":87},"end":{"line":296,"column":91}}],"line":296},"73":{"loc":{"start":{"line":296,"column":93},"end":{"line":296,"column":116}},"type":"binary-expr","locations":[{"start":{"line":296,"column":93},"end":{"line":296,"column":104}},{"start":{"line":296,"column":108},"end":{"line":296,"column":116}}],"line":296},"74":{"loc":{"start":{"line":301,"column":2},"end":{"line":301,"column":21}},"type":"if","locations":[{"start":{"line":301,"column":2},"end":{"line":301,"column":21}},{"start":{},"end":{}}],"line":301},"75":{"loc":{"start":{"line":302,"column":23},"end":{"line":302,"column":42}},"type":"binary-expr","locations":[{"start":{"line":302,"column":23},"end":{"line":302,"column":32}},{"start":{"line":302,"column":36},"end":{"line":302,"column":42}}],"line":302},"76":{"loc":{"start":{"line":302,"column":44},"end":{"line":302,"column":74}},"type":"binary-expr","locations":[{"start":{"line":302,"column":44},"end":{"line":302,"column":58}},{"start":{"line":302,"column":62},"end":{"line":302,"column":74}}],"line":302},"77":{"loc":{"start":{"line":302,"column":76},"end":{"line":302,"column":102}},"type":"binary-expr","locations":[{"start":{"line":302,"column":76},"end":{"line":302,"column":88}},{"start":{"line":302,"column":92},"end":{"line":302,"column":102}}],"line":302},"78":{"loc":{"start":{"line":302,"column":104},"end":{"line":302,"column":127}},"type":"binary-expr","locations":[{"start":{"line":302,"column":104},"end":{"line":302,"column":115}},{"start":{"line":302,"column":119},"end":{"line":302,"column":127}}],"line":302},"79":{"loc":{"start":{"line":307,"column":2},"end":{"line":307,"column":21}},"type":"if","locations":[{"start":{"line":307,"column":2},"end":{"line":307,"column":21}},{"start":{},"end":{}}],"line":307},"80":{"loc":{"start":{"line":314,"column":37},"end":{"line":314,"column":67}},"type":"binary-expr","locations":[{"start":{"line":314,"column":37},"end":{"line":314,"column":59}},{"start":{"line":314,"column":63},"end":{"line":314,"column":67}}],"line":314},"81":{"loc":{"start":{"line":316,"column":48},"end":{"line":316,"column":65}},"type":"binary-expr","locations":[{"start":{"line":316,"column":48},"end":{"line":316,"column":57}},{"start":{"line":316,"column":61},"end":{"line":316,"column":65}}],"line":316},"82":{"loc":{"start":{"line":316,"column":67},"end":{"line":316,"column":88}},"type":"binary-expr","locations":[{"start":{"line":316,"column":67},"end":{"line":316,"column":80}},{"start":{"line":316,"column":84},"end":{"line":316,"column":88}}],"line":316},"83":{"loc":{"start":{"line":321,"column":2},"end":{"line":321,"column":21}},"type":"if","locations":[{"start":{"line":321,"column":2},"end":{"line":321,"column":21}},{"start":{},"end":{}}],"line":321},"84":{"loc":{"start":{"line":322,"column":24},"end":{"line":322,"column":43}},"type":"binary-expr","locations":[{"start":{"line":322,"column":24},"end":{"line":322,"column":33}},{"start":{"line":322,"column":37},"end":{"line":322,"column":43}}],"line":322},"85":{"loc":{"start":{"line":322,"column":45},"end":{"line":322,"column":64}},"type":"binary-expr","locations":[{"start":{"line":322,"column":45},"end":{"line":322,"column":54}},{"start":{"line":322,"column":58},"end":{"line":322,"column":64}}],"line":322},"86":{"loc":{"start":{"line":322,"column":66},"end":{"line":322,"column":93}},"type":"binary-expr","locations":[{"start":{"line":322,"column":66},"end":{"line":322,"column":79}},{"start":{"line":322,"column":83},"end":{"line":322,"column":93}}],"line":322},"87":{"loc":{"start":{"line":327,"column":2},"end":{"line":327,"column":21}},"type":"if","locations":[{"start":{"line":327,"column":2},"end":{"line":327,"column":21}},{"start":{},"end":{}}],"line":327},"88":{"loc":{"start":{"line":335,"column":52},"end":{"line":335,"column":74}},"type":"binary-expr","locations":[{"start":{"line":335,"column":52},"end":{"line":335,"column":66}},{"start":{"line":335,"column":70},"end":{"line":335,"column":74}}],"line":335},"89":{"loc":{"start":{"line":363,"column":32},"end":{"line":363,"column":46}},"type":"default-arg","locations":[{"start":{"line":363,"column":42},"end":{"line":363,"column":46}}],"line":363},"90":{"loc":{"start":{"line":363,"column":48},"end":{"line":363,"column":63}},"type":"default-arg","locations":[{"start":{"line":363,"column":59},"end":{"line":363,"column":63}}],"line":363},"91":{"loc":{"start":{"line":364,"column":2},"end":{"line":364,"column":55}},"type":"if","locations":[{"start":{"line":364,"column":2},"end":{"line":364,"column":55}},{"start":{},"end":{}}],"line":364},"92":{"loc":{"start":{"line":371,"column":34},"end":{"line":371,"column":48}},"type":"default-arg","locations":[{"start":{"line":371,"column":44},"end":{"line":371,"column":48}}],"line":371},"93":{"loc":{"start":{"line":372,"column":2},"end":{"line":372,"column":55}},"type":"if","locations":[{"start":{"line":372,"column":2},"end":{"line":372,"column":55}},{"start":{},"end":{}}],"line":372},"94":{"loc":{"start":{"line":375,"column":50},"end":{"line":375,"column":68}},"type":"binary-expr","locations":[{"start":{"line":375,"column":50},"end":{"line":375,"column":53}},{"start":{"line":375,"column":57},"end":{"line":375,"column":68}}],"line":375},"95":{"loc":{"start":{"line":380,"column":9},"end":{"line":380,"column":52}},"type":"binary-expr","locations":[{"start":{"line":380,"column":9},"end":{"line":380,"column":44}},{"start":{"line":380,"column":48},"end":{"line":380,"column":52}}],"line":380},"96":{"loc":{"start":{"line":384,"column":9},"end":{"line":384,"column":40}},"type":"binary-expr","locations":[{"start":{"line":384,"column":9},"end":{"line":384,"column":32}},{"start":{"line":384,"column":36},"end":{"line":384,"column":40}}],"line":384},"97":{"loc":{"start":{"line":388,"column":68},"end":{"line":388,"column":90}},"type":"binary-expr","locations":[{"start":{"line":388,"column":68},"end":{"line":388,"column":77}},{"start":{"line":388,"column":81},"end":{"line":388,"column":90}}],"line":388},"98":{"loc":{"start":{"line":393,"column":19},"end":{"line":393,"column":41}},"type":"binary-expr","locations":[{"start":{"line":393,"column":19},"end":{"line":393,"column":28}},{"start":{"line":393,"column":32},"end":{"line":393,"column":41}}],"line":393},"99":{"loc":{"start":{"line":395,"column":2},"end":{"line":397,"column":3}},"type":"if","locations":[{"start":{"line":395,"column":2},"end":{"line":397,"column":3}},{"start":{},"end":{}}],"line":395},"100":{"loc":{"start":{"line":404,"column":9},"end":{"line":404,"column":56}},"type":"binary-expr","locations":[{"start":{"line":404,"column":9},"end":{"line":404,"column":48}},{"start":{"line":404,"column":52},"end":{"line":404,"column":56}}],"line":404},"101":{"loc":{"start":{"line":408,"column":93},"end":{"line":408,"column":115}},"type":"binary-expr","locations":[{"start":{"line":408,"column":93},"end":{"line":408,"column":107}},{"start":{"line":408,"column":111},"end":{"line":408,"column":115}}],"line":408},"102":{"loc":{"start":{"line":413,"column":9},"end":{"line":413,"column":39}},"type":"binary-expr","locations":[{"start":{"line":413,"column":9},"end":{"line":413,"column":31}},{"start":{"line":413,"column":35},"end":{"line":413,"column":39}}],"line":413},"103":{"loc":{"start":{"line":417,"column":9},"end":{"line":417,"column":47}},"type":"binary-expr","locations":[{"start":{"line":417,"column":9},"end":{"line":417,"column":39}},{"start":{"line":417,"column":43},"end":{"line":417,"column":47}}],"line":417},"104":{"loc":{"start":{"line":436,"column":25},"end":{"line":436,"column":44}},"type":"binary-expr","locations":[{"start":{"line":436,"column":25},"end":{"line":436,"column":36}},{"start":{"line":436,"column":40},"end":{"line":436,"column":44}}],"line":436},"105":{"loc":{"start":{"line":436,"column":62},"end":{"line":436,"column":114}},"type":"cond-expr","locations":[{"start":{"line":436,"column":78},"end":{"line":436,"column":107}},{"start":{"line":436,"column":110},"end":{"line":436,"column":114}}],"line":436},"106":{"loc":{"start":{"line":436,"column":116},"end":{"line":436,"column":139}},"type":"binary-expr","locations":[{"start":{"line":436,"column":116},"end":{"line":436,"column":129}},{"start":{"line":436,"column":133},"end":{"line":436,"column":139}}],"line":436},"107":{"loc":{"start":{"line":441,"column":63},"end":{"line":441,"column":107}},"type":"cond-expr","locations":[{"start":{"line":441,"column":78},"end":{"line":441,"column":102}},{"start":{"line":441,"column":105},"end":{"line":441,"column":107}}],"line":441}},"s":{"0":5,"1":5,"2":5,"3":0,"4":0,"5":0,"6":0,"7":0,"8":5,"9":5,"10":5,"11":0,"12":5,"13":5,"14":5,"15":5,"16":5,"17":5,"18":5,"19":5,"20":5,"21":5,"22":5,"23":5,"24":5,"25":5,"26":5,"27":5,"28":5,"29":5,"30":5,"31":5,"32":5,"33":5,"34":5,"35":5,"36":5,"37":5,"38":5,"39":5,"40":5,"41":5,"42":5,"43":5,"44":5,"45":5,"46":5,"47":5,"48":5,"49":5,"50":5,"51":5,"52":5,"53":5,"54":5,"55":5,"56":5,"57":5,"58":5,"59":5,"60":5,"61":5,"62":5,"63":5,"64":5,"65":5,"66":0,"67":0,"68":0,"69":0,"70":0,"71":11,"72":11,"73":0,"74":11,"75":4,"76":4,"77":4,"78":1,"79":1,"80":0,"81":1,"82":1,"83":1,"84":1,"85":1,"86":0,"87":1,"88":1,"89":0,"90":9,"91":2,"92":2,"93":1,"94":1,"95":0,"96":1,"97":1,"98":1,"99":1,"100":0,"101":1,"102":1,"103":0,"104":9,"105":3,"106":3,"107":1,"108":1,"109":0,"110":1,"111":1,"112":1,"113":1,"114":0,"115":1,"116":1,"117":0,"118":0,"119":0,"120":0,"121":0,"122":0,"123":0,"124":0,"125":0,"126":0,"127":0,"128":0,"129":0,"130":0,"131":0,"132":0,"133":0,"134":0,"135":0,"136":0,"137":0,"138":0,"139":0,"140":0,"141":0,"142":0,"143":0,"144":0,"145":0,"146":0,"147":0,"148":0,"149":0,"150":1,"151":1,"152":1,"153":1,"154":2,"155":1,"156":0,"157":0,"158":2,"159":1,"160":1,"161":1,"162":1,"163":1,"164":2,"165":1,"166":1,"167":1,"168":1,"169":6,"170":6,"171":6,"172":6,"173":6,"174":6,"175":6,"176":6,"177":6,"178":6,"179":6,"180":6,"181":6,"182":24,"183":0,"184":0,"185":0,"186":0,"187":0,"188":0,"189":0,"190":6,"191":0,"192":0,"193":24,"194":198,"195":5},"f":{"0":0,"1":0,"2":5,"3":0,"4":0,"5":0,"6":0,"7":0,"8":11,"9":4,"10":1,"11":1,"12":0,"13":9,"14":2,"15":1,"16":1,"17":0,"18":9,"19":3,"20":1,"21":1,"22":0,"23":0,"24":0,"25":0,"26":0,"27":0,"28":0,"29":0,"30":0,"31":0,"32":0,"33":0,"34":0,"35":1,"36":1,"37":2,"38":1,"39":0,"40":0,"41":2,"42":2,"43":6,"44":6,"45":6,"46":6,"47":6,"48":24,"49":0,"50":0,"51":0,"52":0,"53":6,"54":0,"55":0,"56":24,"57":198},"b":{"0":[0,0],"1":[0,5],"2":[5,0],"3":[0,5],"4":[0,5],"5":[5,5],"6":[0,0],"7":[0,11],"8":[11,0],"9":[4,0],"10":[4,4],"11":[4,4],"12":[4,4],"13":[4,4],"14":[4,4],"15":[4,4],"16":[4,4],"17":[4,4],"18":[4,4],"19":[4,4],"20":[4,4],"21":[0,1],"22":[1,0],"23":[1,0],"24":[1,0],"25":[1,0],"26":[1,0],"27":[1,0],"28":[1,0],"29":[1,0],"30":[1,0],"31":[1,0],"32":[1,0],"33":[1,0],"34":[1,0],"35":[0,1],"36":[9,1],"37":[2,1],"38":[2,2],"39":[2,2],"40":[2,2],"41":[2,2],"42":[2,2],"43":[2,1],"44":[0,1],"45":[1,0],"46":[1,0],"47":[1,0],"48":[1,0],"49":[1,0],"50":[1,0],"51":[1,0],"52":[1,0],"53":[0,1],"54":[9,0],"55":[3,3],"56":[3,3],"57":[3,2],"58":[3,3],"59":[3,3],"60":[3,3],"61":[0,1],"62":[1,0],"63":[1,0],"64":[1,0],"65":[1,0],"66":[1,0],"67":[1,0],"68":[1,0],"69":[0,1],"70":[0,0],"71":[0,0],"72":[0,0],"73":[0,0],"74":[0,0],"75":[0,0],"76":[0,0],"77":[0,0],"78":[0,0],"79":[0,0],"80":[0,0],"81":[0,0],"82":[0,0],"83":[0,0],"84":[0,0],"85":[0,0],"86":[0,0],"87":[0,0],"88":[0,0],"89":[0],"90":[0],"91":[1,1],"92":[0],"93":[1,1],"94":[1,1],"95":[6,6],"96":[6,0],"97":[6,0],"98":[6,0],"99":[6,0],"100":[6,0],"101":[6,0],"102":[24,0],"103":[0,0],"104":[6,0],"105":[6,0],"106":[6,0],"107":[0,0]},"_coverageSchema":"1a1c01bbd47fc00a2c39e90264f33305004495a9","hash":"96eba8f57512536c6765bf4150c182f4b9ffd28d"}
,"/home/sesaymohamedaugustin/SchoolAdmin/Backend/src/index.js": {"path":"/home/sesaymohamedaugustin/SchoolAdmin/Backend/src/index.js","statementMap":{"0":{"start":{"line":1,"column":0},"end":{"line":1,"column":27}},"1":{"start":{"line":2,"column":0},"end":{"line":2,"column":32}},"2":{"start":{"line":3,"column":16},"end":{"line":3,"column":34}},"3":{"start":{"line":4,"column":15},"end":{"line":4,"column":34}},"4":{"start":{"line":5,"column":21},"end":{"line":5,"column":57}},"5":{"start":{"line":7,"column":12},"end":{"line":7,"column":21}},"6":{"start":{"line":8,"column":0},"end":{"line":14,"column":2}},"7":{"start":{"line":9,"column":2},"end":{"line":9,"column":51}},"8":{"start":{"line":10,"column":2},"end":{"line":10,"column":78}},"9":{"start":{"line":11,"column":2},"end":{"line":11,"column":82}},"10":{"start":{"line":12,"column":2},"end":{"line":12,"column":58}},"11":{"start":{"line":12,"column":32},"end":{"line":12,"column":58}},"12":{"start":{"line":13,"column":2},"end":{"line":13,"column":8}},"13":{"start":{"line":15,"column":0},"end":{"line":15,"column":24}},"14":{"start":{"line":16,"column":0},"end":{"line":16,"column":24}},"15":{"start":{"line":18,"column":0},"end":{"line":18,"column":22}},"16":{"start":{"line":22,"column":2},"end":{"line":37,"column":3}},"17":{"start":{"line":23,"column":17},"end":{"line":23,"column":32}},"18":{"start":{"line":24,"column":19},"end":{"line":24,"column":41}},"19":{"start":{"line":25,"column":23},"end":{"line":25,"column":35}},"20":{"start":{"line":26,"column":4},"end":{"line":26,"column":41}},"21":{"start":{"line":27,"column":4},"end":{"line":27,"column":38}},"22":{"start":{"line":28,"column":4},"end":{"line":28,"column":31}},"23":{"start":{"line":30,"column":4},"end":{"line":30,"column":27}},"24":{"start":{"line":32,"column":17},"end":{"line":32,"column":41}},"25":{"start":{"line":33,"column":4},"end":{"line":33,"column":70}},"26":{"start":{"line":33,"column":27},"end":{"line":33,"column":68}},"27":{"start":{"line":35,"column":4},"end":{"line":35,"column":39}},"28":{"start":{"line":36,"column":4},"end":{"line":36,"column":20}},"29":{"start":{"line":40,"column":0},"end":{"line":42,"column":1}},"30":{"start":{"line":41,"column":2},"end":{"line":41,"column":10}},"31":{"start":{"line":44,"column":0},"end":{"line":44,"column":21}}},"fnMap":{"0":{"name":"(anonymous_0)","decl":{"start":{"line":8,"column":8},"end":{"line":8,"column":9}},"loc":{"start":{"line":8,"column":28},"end":{"line":14,"column":1}},"line":8},"1":{"name":"start","decl":{"start":{"line":21,"column":15},"end":{"line":21,"column":20}},"loc":{"start":{"line":21,"column":23},"end":{"line":38,"column":1}},"line":21},"2":{"name":"(anonymous_2)","decl":{"start":{"line":33,"column":21},"end":{"
[...]
rt":{"line":39,"column":2},"end":{"line":43,"column":3}},"type":"if","locations":[{"start":{"line":39,"column":2},"end":{"line":43,"column":3}},{"start":{},"end":{}}],"line":39},"5":{"loc":{"start":{"line":45,"column":10},"end":{"line":45,"column":29}},"type":"binary-expr","locations":[{"start":{"line":45,"column":10},"end":{"line":45,"column":19}},{"start":{"line":45,"column":23},"end":{"line":45,"column":29}}],"line":45},"6":{"loc":{"start":{"line":46,"column":11},"end":{"line":46,"column":58}},"type":"cond-expr","locations":[{"start":{"line":46,"column":38},"end":{"line":46,"column":48}},{"start":{"line":46,"column":51},"end":{"line":46,"column":58}}],"line":46},"7":{"loc":{"start":{"line":47,"column":16},"end":{"line":47,"column":79}},"type":"cond-expr","locations":[{"start":{"line":47,"column":48},"end":{"line":47,"column":63}},{"start":{"line":47,"column":66},"end":{"line":47,"column":79}}],"line":47},"8":{"loc":{"start":{"line":48,"column":13},"end":{"line":48,"column":66}},"type":"cond-expr","locations":[{"start":{"line":48,"column":42},"end":{"line":48,"column":54}},{"start":{"line":48,"column":57},"end":{"line":48,"column":66}}],"line":48},"9":{"loc":{"start":{"line":49,"column":12},"end":{"line":49,"column":62}},"type":"cond-expr","locations":[{"start":{"line":49,"column":40},"end":{"line":49,"column":51}},{"start":{"line":49,"column":54},"end":{"line":49,"column":62}}],"line":49},"10":{"loc":{"start":{"line":50,"column":9},"end":{"line":50,"column":50}},"type":"cond-expr","locations":[{"start":{"line":50,"column":34},"end":{"line":50,"column":42}},{"start":{"line":50,"column":45},"end":{"line":50,"column":50}}],"line":50},"11":{"loc":{"start":{"line":51,"column":13},"end":{"line":51,"column":66}},"type":"cond-expr","locations":[{"start":{"line":51,"column":42},"end":{"line":51,"column":54}},{"start":{"line":51,"column":57},"end":{"line":51,"column":66}}],"line":51},"12":{"loc":{"start":{"line":52,"column":16},"end":{"line":52,"column":79}},"type":"cond-expr","locations":[{"start":{"line":52,"column":48},"end":{"line":52,"column":63}},{"start":{"line":52,"column":66},"end":{"line":52,"column":79}}],"line":52},"13":{"loc":{"start":{"line":53,"column":17},"end":{"line":53,"column":83}},"type":"cond-expr","locations":[{"start":{"line":53,"column":50},"end":{"line":53,"column":66}},{"start":{"line":53,"column":69},"end":{"line":53,"column":83}}],"line":53},"14":{"loc":{"start":{"line":54,"column":12},"end":{"line":54,"column":62}},"type":"cond-expr","locations":[{"start":{"line":54,"column":40},"end":{"line":54,"column":51}},{"start":{"line":54,"column":54},"end":{"line":54,"column":62}}],"line":54},"15":{"loc":{"start":{"line":55,"column":10},"end":{"line":55,"column":54}},"type":"cond-expr","locations":[{"start":{"line":55,"column":36},"end":{"line":55,"column":45}},{"start":{"line":55,"column":48},"end":{"line":55,"column":54}}],"line":55},"16":{"loc":{"start":{"line":56,"column":13},"end":{"line":56,"column":67}},"type":"cond-expr","locations":[{"start":{"line":56,"column":42},"end":{"line":56,"column":54}},{"start":{"line":56,"column":57},"end":{"line":56,"column":67}}],"line":56},"17":{"loc":{"start":{"line":57,"column":11},"end":{"line":57,"column":60}},"type":"cond-expr","locations":[{"start":{"line":57,"column":38},"end":{"line":57,"column":49}},{"start":{"line":57,"column":52},"end":{"line":57,"column":60}}],"line":57},"18":{"loc":{"start":{"line":63,"column":2},"end":{"line":67,"column":3}},"type":"if","locations":[{"start":{"line":63,"column":2},"end":{"line":67,"column":3}},{"start":{},"end":{}}],"line":63}},"s":{"0":5,"1":5,"2":0,"3":1,"4":1,"5":0,"6":0,"7":0,"8":1,"9":4,"10":0,"11":4,"12":1,"13":1,"14":0,"15":0,"16":0,"17":1,"18":1,"19":1,"20":0,"21":0,"22":0,"23":1,"24":5},"f":{"0":0,"1":1,"2":4,"3":1,"4":1},"b":{"0":[0,1],"1":[0,4],"2":[4,4],"3":[4,4],"4":[0,1],"5":[1,0],"6":[0,1],"7":[0,1],"8":[0,1],"9":[0,1],"10":[0,1],"11":[0,1],"12":[0,1],"13":[0,1],"14":[0,1],"15":[0,1],"16":[0,1],"17":[0,1],"18":[0,1]},"_coverageSchema":"1a1c01bbd47fc00a2c39e90264f33305004495a9","hash":"1c81941d8f4c74daac0f4adabd65043f93fb15ba"}
,"/home/sesaymohamedaugustin/SchoolAdmin/Backend/src/controllers/teachers.js": {"path":"/home/sesaymohamedaugustin/SchoolAdmin/Backend/src/controllers/teachers.js","statementMap":{"0":{"start":{"line":1,"column":11},"end":{"line":1,"column":27}},"1":{"start":{"line":2,"column":25},"end":{"line":2,"column":51}},"2":{"start":{"line":5,"column":2},"end":{"line":5,"column":42}},"3":{"start":{"line":9,"column":12},"end":{"line":9,"column":33}},"4":{"start":{"line":10,"column":2},"end":{"line":14,"column":3}},"5":{"start":{"line":11,"column":16},"end":{"line":11,"column":46}},"6":{"start":{"line":12,"column":4},"end":{"line":12,"column":21}},"7":{"start":{"line":13,"column":4},"end":{"line":13,"column":14}},"8":{"start":{"line":15,"column":2},"end":{"line":15,"column":24}},"9":{"start":{"line":19,"column":2},"end":{"line":19,"column":59}},"10":{"start":{"line":19,"column":27},"end":{"line":19,"column":59}},"11":{"start":{"line":20,"column":2},"end":{"line":29,"column":5}},"12":{"start":{"line":33,"column":12},"end":{"line":33,"column":33}},"13":{"start":{"line":34,"column":2},"end":{"line":38,"column":3}},"14":{"start":{"line":35,"column":16},"end":{"line":35,"column":46}},"15":{"start":{"line":36,"column":4},"end":{"line":36,"column":21}},"16":{"start":{"line":37,"column":4},"end":{"line":37,"column":14}},"17":{"start":{"line":39,"column":2},"end":{"line":48,"column":5}},"18":{"start":{"line":52,"column":12},"end":{"line":52,"column":33}},"19":{"start":{"line":53,"column":2},"end":{"line":57,"column":3}},"20":{"start":{"line":54,"column":16},"end":{"line":54,"column":46}},"21":{"start":{"line":55,"column":4},"end":{"line":55,"column":21}},"22":{"start":{"line":56,"column":4},"end":{"line":56,"column":14}},"23":{"start":{"line":58,"column":2},"end":{"line":58,"column":29}},"24":{"start":{"line":61,"column":0},"end":{"line":61,"column":90}}},"fnMap":{"0":{"name":"listTeachers","decl":{"start":{"line":4,"column":9},"end":{"line":4,"column":21}},"loc":{"start":{"line":4,"column":24},"end":{"line":6,"column":1}},"line":4},"1":{"name":"getTeacher","decl":{"start":{"line":8,"column":9},"end":{"line":8,"column":19}},"loc":{"start":{"line":8,"column":24},"end":{"line":16,"column":1}},"line":8},"2":{"name":"createTeacher","decl":{"start":{"line":18,"column":9},"end":{"line":18,"column":22}},"loc":{"start":{"line":18,"column":29},"end":{"line":30,"column":1}},"line":18},"3":{"name":"updateTeacher","decl":{"start":{"line":32,"column":9},"end":{"line":32,"column":22}},"loc":{"start":{"line":32,"column":33},"end":{"line":49,"column":1}},"line":32},"4":{"name":"deleteTeacher","decl":{"start":{"line":51,"column":9},"end":{"line":51,"column":22}},"loc":{"start":{"line":51,"column":27},"end":{"line":59,"column":1}},"line":51}},"branchMap":{"0":{"loc":{"start":{"line":10,"column":2},"end":{"line":14,"column":3}},"type":"if","locations":[{"start":{"line":10,"column":2},"end":{"line":14,"column":3}},{"start":{},"end":{}}],"line":10},"1":{"loc":{"start":{"line":19,"column":2},"end":{"line":19,"column":59}},"type":"if","locations":[{"start":{"line":19,"column":2},"end":{"line":19,"column":59}},{"start":{},"end":{}}],"line":19},"2":{"loc":{"start":{"line":19,"column":6},"end":{"line":19,"column":25}},"type":"binary-expr","locations":[{"start":{"line":19,"column":6},"end":{"line":19,"column":11}},{"start":{"line":19,"column":15},"end":{"line":19,"column":25}}],"line":19},"3":{"loc":{"start":{"line":34,"column":2},"end":{"line":38,"column":3}},"type":"if","locations":[{"start":{"line":34,"column":2},"end":{"line":38,"column":3}},{"start":{},"end":{}}],"line":34},"4":{"loc":{"start":{"line":40,"column":10},"end":{"line":40,"column":29}},"type":"binary-expr","locations":[{"start":{"line":40,"column":10},"end":{"line":40,"column":19}},{"start":{"line":40,"column":23},"end":{"line":40,"column":29}}],"line":40},"5":{"loc":{"start":{"line":41,"column":11},"end":{"line":41,"column":58}},"type":"cond-expr","locations":[{"start":{"line":41,"column":38},"end":{"line":41,"column":48}},{"start":{"line":41,"column":51},"end":{"line":41,"column":58}}],"line":41},"6":{"loc":{"start":{"line":42,"column":11},"end":{"line":42,"column":58}},"type":"cond-expr","locations":[{"start":{"line":42,"column":38},"end":{"line":42,"column":48}},{"start":{"line":42,"column":51},"end":{"line":42,"column":58}}],"line":42},"7":{"loc":{"start":{"line":43,"column":19},"end":{"line":43,"column":90}},"type":"cond-expr","locations":[{"start":{"line":43,"column":54},"end":{"line":43,"column":72}},{"start":{"line":43,"column":75},"end":{"line":43,"column":90}}],"line":43},"8":{"loc":{"start":{"line":44,"column":17},"end":{"line":44,"column":83}},"type":"cond-expr","locations":[{"start":{"line":44,"column":50},"end":{"line":44,"column":66}},{"start":{"line":44,"column":69},"end":{"line":44,"column":83}}],"line":44},"9":{"loc":{"start":{"line":45,"column":12},"end":{"line":45,"column":62}},"type":"cond-expr","locations":[{"start":{"line":45,"column":40},"end":{"line":45,"column":51}},{"start":{"line":45,"column":54},"end":{"line":45,"column":62}}],"line":45},"10":{"loc":{"start":{"line":46,"column":9},"end":{"line":46,"column":50}},"type":"cond-expr","locations":[{"start":{"line":46,"column":34},"end":{"line":46,"column":42}},{"start":{"line":46,"column":45},"end":{"line":46,"column":50}}],"line":46},"11":{"loc":{"start":{"line":47,"column":13},"end":{"line":47,"column":66}},"type":"cond-expr","locations":[{"start":{"line":47,"column":42},"end":{"line":47,"column":54}},{"start":{"line":47,"column":57},"end":{"line":47,"column":66}}],"line":47},"12":{"loc":{"start":{"line":53,"column":2},"end":{"line":57,"column":3}},"type":"if","locations":[{"start":{"line":53,"column":2},"end":{"line":57,"column":3}},{"start":{},"end":{}}],"line":53}},"s":{"0":5,"1":5,"2":0,"3":2,"4":2,"5":1,"6":1,"7":1,"8":1,"9":2,"10":0,"11":2,"12":1,"13":1,"14":0,"15":0,"16":0,"17":1,"18":1,"19":1,"20":0,"21":0,"22":0,"23":1,"24":5},"f":{"0":0,"1":2,"2":2,"3":1,"4":1},"b":{"0":[1,1],"1":[0,2],"2":[2,2],"3":[0,1],"4":[1,1],"5":[0,1],"6":[0,1],"7":[0,1],"8":[0,1],"9":[0,1],"10":[0,1],"11":[1,0],"12":[0,1]},"_coverageSchema":"1a1c01bbd47fc00a2c39e90264f33305004495a9","hash":"7a83cefca6913a34eeb70f9e13ae144c4cf99880"}
,"/home/sesaymohamedaugustin/SchoolAdmin/Backend/src/middleware/errorHandler.js": {"path":"/home/sesaymohamedaugustin/SchoolAdmin/Backend/src/middleware/errorHandler.js","statementMap":{"0":{"start":{"line":2,"column":2},"end":{"line":2,"column":27}},"1":{"start":{"line":4,"column":17},"end":{"line":4,"column":34}},"2":{"start":{"line":5,"column":18},"end":{"line":5,"column":56}},"3":{"start":{"line":7,"column":2},"end":{"line":10,"column":5}},"4":{"start":{"line":13,"column":0},"end":{"line":13,"column":30}}},"fnMap":{"0":{"name":"errorHandler","decl":{"start":{"line":1,"column":9},"end":{"line":1,"column":21}},"loc":{"start":{"line":1,"column":43},"end":{"line":11,"column":1}},"line":1}},"branchMap":{"0":{"loc":{"start":{"line":4,"column":17},"end":{"line":4,"column":34}},"type":"binary-expr","locations":[{"start":{"line":4,"column":17},"end":{"line":4,"column":27}},{"start":{"line":4,"column":31},"end":{"line":4,"column":34}}],"line":4},"1":{"loc":{"start":{"line":5,"column":18},"end":{"line":5,"column":56}},"type":"binary-expr","locations":[{"start":{"line":5,"column":18},"end":{"line":5,"column":29}},{"start":{"line":5,"column":33},"end":{"line":5,"column":56}}],"line":5},"2":{"loc":{"start":{"line":9,"column":13},"end":{"line":9,"column":75}},"type":"cond-expr","locations":[{"start":{"line":9,"column":54},"end":{"line":9,"column":63}},{"start":{"line":9,"column":66},"end":{"line":9,"column":75}}],"line":9}},"s":{"0":3,"1":3,"2":3,"3":3,"4":5},"f":{"0":3},"b":{"0":[3,0],"1":[3,0],"2":[0,3]},"_coverageSchema":"1a1c01bbd47fc00a2c39e90264f33305004495a9","hash":"a1b446d8942a51fe4fe8f86a2cde30cd6d5c0a01"}
,"/home/sesaymohamedaugustin/SchoolAdmin/Backend/src/middleware/validate.js": {"path":"/home/sesaymohamedaugustin/SchoolAdmin/Backend/src/middleware/validate.js","statementMap":{"0":{"start":{"line":2,"column":2},"end":{"line":23,"column":4}},"1":{"start":{"line":3,"column":19},"end":{"line":3,"column":21}},"2":{"start":{"line":4,"column":4},"end":{"line":17,"column":7}},"3":{"start":{"line":5,"column":20},"end":{"line":5,"column":31}},"4":{"start":{"line":6,"column":20},"end":{"line":6,"column":33}},"5":{"start":{"line":8,"column":6},"end":{"line":12,"column":7}},"6":{"start":{"line":9,"column":8},"end":{"line":9,"column":42}},"7":{"start":{"line":10,"column":13},"end":{"line":12,"column":7}},"8":{"start":{"line":11,"column":8},"end":{"line":11,"column":54}},"9":{"start":{"line":14,"column":6},"end":{"line":16,"column":7}},"10":{"start":{"line":15,"column":8},"end":{"line":15,"column":74}},"11":{"start":{"line":19,"column":4},"end":{"line":21,"column":5}},"12":{"start":{"line":20,"column":6},"end":{"line":20,"column":83}},"13":{"start":{"line":22,"column":4},"end":{"line":22,"column":11}},"14":{"start":{"line":26,"column":0},"end":{"line":26,"column":30}}},"fnMap":{"0":{"name":"validate","decl":{"start":{"line":1,"column":9},"end":{"line":1,"column":17}},"loc":{"start":{"line":1,"column":26},"end":{"line":24,"column":1}},"line":1},"1":{"name":"(anonymous_1)","decl":{"start":{"line":2,"column":9},"end":{"line":2,"column":10}},"loc":{"start":{"line":2,"column":29},"end":{"line":23,"column":3}},"line":2},"2":{"name":"(anonymous_2)","decl":{"start":{"line":4,"column":32},"end":{"line":4,"column":33}},"loc":{"start":{"line":4,"column":39},"end":{"line":17,"column":5}},"line":4}},"branchMap":{"0":{"loc":{"start":{"line":8,"column":6},"end":{"line":12,"column":7}},"type":"if","locations":[{"start":{"line":8,"column":6},"end":{"line":12,"column":7}},{"start":{"line":10,"column":13},"end":{"line":12,"column":7}}],"line":8},"1":{"loc":{"start":{"line":8,"column":10},"end":{"line":8,"column":83}},"type":"binary-expr","locations":[{"start":{"line":8,"column":10},"end":{"line":8,"column":24}},{"start":{"line":8,"column":29},"end":{"line":8,"column":48}},{"start":{"line":8,"column":52},"end":{"line":8,"column":66}},{"start":{"line":8,"column":70},"end":{"line":8,"column":82}}],"line":8},"2":{"loc":{"start":{"line":10,"column":13},"end":{"line":12,"column":7}},"type":"if","locations":[{"start":{"line":10,"column":13},"end":{"line":12,"column":7}},{"start":{},"end":{}}],"line":10},"3":{"loc":{"start":{"line":10,"column":17},"end":{"line":10,"column":81}},"type":"binary-expr","locations":[{"start":{"line":10,"column":17},"end":{"line":10,"column":36}},{"start":{"line":10,"column":40},"end":{"line":10,"column":50}},{"start":{"line":10,"column":54},"end":{"line":10,"column":81}}],"line":10},"4":{"loc":{"start":{"line":14,"column":6},"end":{"line":16,"column":7}},"type":"if","locations":[{"start":{"line":14,"column":6},"end":{"line":16,"column":7}},{"start":{},"end":{}}],"line":14},"5":{"loc":{"start":{"line":14,"column":10},"end":{"line":14,"column":62}},"type":"binary-expr","locations":[{"start":{"line":14,"column":10},"end":{"line":14,"column":22}},{"start":{"line":14,"column":26},"end":{"line":14,"column":31}},{"start":{"line":14,"column":35},"end":{"line":14,"column":62}}],"line":14},"6":{"loc":{"start":{"line":19,"column":4},"end":{"line":21,"column":5}},"type":"if","locations":[{"start":{"line":19,"column":4},"end":{"line":21,"column":5}},{"start":{},"end":{}}],"line":19}},"s":{"0":25,"1":15,"2":15,"3":27,"4":27,"5":27,"6":0,"7":27,"8":0,"9":27,"10":0,"11":15,"12":0,"13":15,"14":5},"f":{"0":25,"1":15,"2":27},"b":{"0":[0,27],"1":[27,27,27,27],"2":[0,27],"3":[27,27,27],"4":[0,27],"5":[27,15,15],"6":[0,15]},"_coverageSchema":"1a1c01bbd47fc00a2c39e90264f33305004495a9","hash":"0c1fa8f1548a0e120f60a89d0f30530980245fc3"}
,"/home/sesaymohamedaugustin/SchoolAdmin/Backend/src/utils/mapper.js": {"path":"/home/sesaymohamedaugustin/SchoolAdmin/Backend/src/utils/mapper.js","statementMap":{"0":{"start":{"line":2,"column":2},"end":{"line":10,"column":3}},"1":{"start":{"line":3,"column":4},"end":{"line":3,"column":41}},"2":{"start":{"line":3,"column":24},"end":{"line":3,"column":39}},"3":{"start":{"line":4,"column":9},"end":{"line":10,"column":3}},"4":{"start":{"line":5,"column":4},"end":{"line":9,"column":11}},"5":{"start":{"line":6,"column":23},"end":{"line":6,"column":71}},"6":{"start":{"line":6,"column":52},"end":{"line":6,"column":70}},"7":{"start":{"line":7,"column":6},"end":{"line":7,"column":48}},"8":{"start":{"line":8,"column":6},"end":{"line":8,"column":20}},"9":{"start":{"line":11,"column":2},"end":{"line":11,"column":13}},"10":{"start":{"line":14,"column":0},"end":{"line":14,"column":34}}},"fnMap":{"0":{"name":"snakeToCamel","decl":{"start":{"line":1,"column":9},"end":{"line":1,"column":21}},"loc":{"start":{"line":1,"column":27},"end":{"line":12,"column":1}},"line":1},"1":{"name":"(anonymous_1)","decl":{"start":{"line":3,"column":19},"end":{"line":3,"column":20}},"loc":{"start":{"line":3,"column":24},"end":{"line":3,"column":39}},"line":3},"2":{"name":"(anonymous_2)","decl":{"start":{"line":5,"column":35},"end":{"line":5,"column":36}},"loc":{"start":{"line":5,"column":52},"end":{"line":9,"column":5}},"line":5},"3":{"name":"(anonymous_3)","decl":{"start":{"line":6,"column":45},"end":{"line":6,"column":46}},"loc":{"start":{"line":6,"column":52},"end":{"line":6,"column":70}},"line":6}},"branchMap":{"0":{"loc":{"start":{"line":2,"column":2},"end":{"line":10,"column":3}},"type":"if","locations":[{"start":{"line":2,"column":2},"end":{"line":10,"column":3}},{"start":{"line":4,"column":9},"end":{"line":10,"column":3}}],"line":2},"1":{"loc":{"start":{"line":4,"column":9},"end":{"line":10,"column":3}},"type":"if","locations":[{"start":{"line":4,"column":9},"end":{"line":10,"column":3}},{"start":{},"end":{}}],"line":4},"2":{"loc":{"start":{"line":4,"column":13},"end":{"line":4,"column":55}},"type":"binary-expr","locations":[{"start":{"line":4,"column":13},"end":{"line":4,"column":25}},{"start":{"line":4,"column":29},"end":{"line":4,"column":55}}],"line":4}},"s":{"0":127,"1":2,"2":1,"3":125,"4":16,"5":107,"6":35,"7":107,"8":107,"9":109,"10":5},"f":{"0":127,"1":1,"2":107,"3":35},"b":{"0":[2,125],"1":[16,109],"2":[125,52]},"_coverageSchema":"1a1c01bbd47fc00a2c39e90264f33305004495a9","hash":"e4cd015030b548f89342ac36ca7b3a9bf098d644"}
,"/home/sesaymohamedaugustin/SchoolAdmin/Backend/tests/helper.js": {"path":"/home/sesaymohamedaugustin/SchoolAdmin/Backend/tests/helper.js","statementMap":{"0":{"start":{"line":1,"column":13},"end":{"line":1,"column":28}},"1":{"start":{"line":2,"column":13},"end":{"line":2,"column":28}},"2":{"start":{"line":3,"column":15},"end":{"line":3,"column":37}},"3":{"start":{"line":4,"column":11},"end":{"line":4,"column":31}},"4":{"start":{"line":5,"column":15},"end":{"line":5,"column":32}},"5":{"start":{"line":8,"column":2},"end":{"line":8,"column":25}},"6":{"start":{"line":12,"column":13},"end":{"line":12,"column":50}},"7":{"start":{"line":13,"column":25},"end":{"line":13,"column":66}},"8":{"start":{"line":15,"column":2},"end":{"line":15,"column":39}},"9":{"start":{"line":16,"column":2},"end":{"line":16,"column":41}},"10":{"start":{"line":18,"column":21},"end":{"line":23,"column":4}},"11":{"start":{"line":25,"column":2},"end":{"line":25,"column":36}},"12":{"start":{"line":26,"column":2},"end":{"line":26,"column":29}},"13":{"start":{"line":28,"column":2},"end":{"line":28,"column":12}},"14":{"start":{"line":31,"column":0},"end":{"line":31,"column":33}}},"fnMap":{"0":{"name":"setupTestDB","decl":{"start":{"line":7,"column":15},"end":{"line":7,"column":26}},"loc":{"start":{"line":7,"column":29},"end":{"line":29,"column":1}},"line":7}},"branchMap":{},"s":{"0":5,"1":5,"2":5,"3":5,"4":5,"5":5,"6":5,"7":5,"8":5,"9":5,"10":5,"11":5,"12":5,"13":5,"14":5},"f":{"0":5},"b":{},"_coverageSchema":"1a1c01bbd47fc00a2c39e90264f33305004495a9","hash":"d72dd3377126162ac58b1dd1cc128b60aeca809a"}
}
