TN:
SF:src\db.js
FN:22,ensureColumns
FN:23,(anonymous_1)
FN:32,init
FN:252,getAllStudents
FN:253,(anonymous_4)
FN:256,getStudentById
FN:262,createStudent
FN:272,updateStudent
FN:291,deleteStudent
FN:299,getAllTeachers
FN:303,getTeacherById
FN:307,createTeacher
FN:316,updateTeacher
FN:333,deleteTeacher
FN:341,getAllClasses
FN:345,getClassById
FN:349,createClass
FN:354,updateClass
FN:367,deleteClass
FN:375,getAllPeriods
FN:376,getPeriodById
FN:377,createPeriod
FN:381,updatePeriod
FN:387,deletePeriod
FN:395,getAllSubjects
FN:396,getSubjectById
FN:397,createSubject
FN:401,updateSubject
FN:407,deleteSubject
FN:415,getScheduleForClass
FN:416,createSchedule
FN:420,deleteSchedule
FN:426,enrollStudent
FN:431,unenrollStudent
FN:436,getStudentsInClass
FN:437,(anonymous_35)
FN:440,getClassesForStudent
FN:441,(anonymous_37)
FN:445,markPresent
FN:453,getAttendance
FN:461,getUserByUsername
FN:465,getUserById
FN:469,createUser
FNF:43
FNH:24
FNDA:30,ensureColumns
FNDA:260,(anonymous_1)
FNDA:10,init
FNDA:0,getAllStudents
FNDA:0,(anonymous_4)
FNDA:11,getStudentById
FNDA:4,createStudent
FNDA:1,updateStudent
FNDA:1,deleteStudent
FNDA:0,getAllTeachers
FNDA:9,getTeacherById
FNDA:2,createTeacher
FNDA:1,updateTeacher
FNDA:1,deleteTeacher
FNDA:0,getAllClasses
FNDA:9,getClassById
FNDA:3,createClass
FNDA:1,updateClass
FNDA:1,deleteClass
FNDA:0,getAllPeriods
FNDA:0,getPeriodById
FNDA:0,createPeriod
FNDA:0,updatePeriod
FNDA:0,deletePeriod
FNDA:0,getAllSubjects
FNDA:0,getSubjectById
FNDA:0,createSubject
FNDA:0,updateSubject
FNDA:0,deleteSubject
FNDA:0,getScheduleForClass
FNDA:0,createSchedule
FNDA:0,deleteSchedule
FNDA:1,enrollStudent
FNDA:1,unenrollStudent
FNDA:2,getStudentsInClass
FNDA:1,(anonymous_35)
FNDA:0,getClassesForStudent
FNDA:0,(anonymous_37)
FNDA:3,markPresent
FNDA:4,getAttendance
FNDA:12,getUserByUsername
FNDA:6,getUserById
FNDA:6,createUser
DA:1,5
DA:2,5
DA:4,5
DA:6,5
DA:7,5
DA:8,5
DA:10,5
DA:23,260
DA:25,30
DA:26,200
DA:27,0
DA:34,10
DA:52,10
DA:67,10
DA:79,10
DA:90,10
DA:100,10
DA:116,10
DA:127,10
DA:142,10
DA:151,10
DA:164,10
DA:174,10
DA:181,10
DA:182,10
DA:183,10
DA:187,10
DA:193,10
DA:195,10
DA:196,10
DA:197,10
DA:201,10
DA:207,10
DA:209,10
DA:210,10
DA:211,10
DA:212,10
DA:213,10
DA:216,10
DA:217,10
DA:218,10
DA:219,10
DA:220,10
DA:222,10
DA:223,10
DA:224,10
DA:225,10
DA:226,10
DA:228,10
DA:229,10
DA:230,10
DA:232,10
DA:233,10
DA:234,10
DA:235,10
DA:237,10
DA:238,10
DA:240,10
DA:241,10
DA:242,10
DA:245,5
DA:246,5
DA:248,0
DA:253,0
DA:257,11
DA:258,11
DA:259,11
DA:263,4
DA:264,4
DA:269,4
DA:273,1
DA:274,1
DA:275,1
DA:276,1
DA:288,1
DA:292,1
DA:293,1
DA:294,1
DA:295,1
DA:300,0
DA:304,9
DA:308,2
DA:313,2
DA:317,1
DA:318,1
DA:319,1
DA:330,1
DA:334,1
DA:335,1
DA:336,1
DA:337,1
DA:342,0
DA:346,9
DA:350,3
DA:351,3
DA:355,1
DA:356,1
DA:357,1
DA:364,1
DA:368,1
DA:369,1
DA:370,1
DA:371,1
DA:375,0
DA:376,0
DA:378,0
DA:379,0
DA:382,0
DA:383,0
DA:384,0
DA:385,0
DA:388,0
DA:389,0
DA:390,0
DA:391,0
DA:395,0
DA:396,0
DA:398,0
DA:399,0
DA:402,0
DA:403,0
DA:404,0
DA:405,0
DA:408,0
DA:409,0
DA:410,0
DA:411,0
DA:415,0
DA:417,0
DA:418,0
DA:421,0
DA:422,0
DA:427,1
DA:428,1
DA:432,1
DA:433,1
DA:437,2
DA:441,0
DA:446,3
DA:447,2
DA:448,2
DA:449,2
DA:450,2
DA:454,4
DA:455,3
DA:456,3
DA:457,3
DA:462,12
DA:466,6
DA:470,6
DA:471,6
DA:474,5
LF:152
LH:117
BRDA:4,0,0,5
BRDA:4,0,1,0
BRDA:4,1,0,0
BRDA:4,1,1,0
BRDA:7,2,0,5
BRDA:7,2,1,0
BRDA:8,3,0,0
BRDA:8,3,1,5
BRDA:8,4,0,5
BRDA:8,4,1,0
BRDA:26,5,0,0
BRDA:26,5,1,200
BRDA:253,6,0,0
BRDA:253,6,1,0
BRDA:258,7,0,0
BRDA:258,7,1,11
BRDA:259,8,0,11
BRDA:259,8,1,0
BRDA:263,9,0,4
BRDA:263,9,1,0
BRDA:265,10,0,4
BRDA:265,10,1,4
BRDA:265,11,0,4
BRDA:265,11,1,4
BRDA:265,12,0,4
BRDA:265,12,1,4
BRDA:266,13,0,4
BRDA:266,13,1,4
BRDA:266,14,0,4
BRDA:266,14,1,4
BRDA:266,15,0,4
BRDA:266,15,1,4
BRDA:267,16,0,4
BRDA:267,16,1,4
BRDA:267,17,0,4
BRDA:267,17,1,4
BRDA:267,18,0,4
BRDA:267,18,1,4
BRDA:274,19,0,0
BRDA:274,19,1,1
BRDA:275,20,0,1
BRDA:275,20,1,0
BRDA:277,21,0,1
BRDA:277,21,1,0
BRDA:277,22,0,1
BRDA:277,22,1,0
BRDA:278,23,0,1
BRDA:278,23,1,0
BRDA:279,24,0,1
BRDA:279,24,1,0
BRDA:280,25,0,1
BRDA:280,25,1,0
BRDA:281,26,0,1
BRDA:281,26,1,0
BRDA:282,27,0,1
BRDA:282,27,1,0
BRDA:283,28,0,1
BRDA:283,28,1,0
BRDA:284,29,0,1
BRDA:284,29,1,0
BRDA:285,30,0,1
BRDA:285,30,1,0
BRDA:293,31,0,0
BRDA:293,31,1,1
BRDA:304,32,0,9
BRDA:304,32,1,1
BRDA:309,33,0,2
BRDA:309,33,1,1
BRDA:309,34,0,2
BRDA:309,34,1,2
BRDA:310,35,0,2
BRDA:310,35,1,2
BRDA:310,36,0,2
BRDA:310,36,1,2
BRDA:311,37,0,2
BRDA:311,37,1,2
BRDA:311,38,0,2
BRDA:311,38,1,2
BRDA:311,39,0,2
BRDA:311,39,1,1
BRDA:318,40,0,0
BRDA:318,40,1,1
BRDA:320,41,0,1
BRDA:320,41,1,0
BRDA:321,42,0,1
BRDA:321,42,1,0
BRDA:322,43,0,1
BRDA:322,43,1,0
BRDA:323,44,0,1
BRDA:323,44,1,0
BRDA:324,45,0,1
BRDA:324,45,1,0
BRDA:325,46,0,1
BRDA:325,46,1,0
BRDA:326,47,0,1
BRDA:326,47,1,0
BRDA:327,48,0,1
BRDA:327,48,1,0
BRDA:335,49,0,0
BRDA:335,49,1,1
BRDA:346,50,0,9
BRDA:346,50,1,0
BRDA:350,51,0,3
BRDA:350,51,1,3
BRDA:350,52,0,3
BRDA:350,52,1,3
BRDA:350,53,0,3
BRDA:350,53,1,2
BRDA:356,54,0,0
BRDA:356,54,1,1
BRDA:358,55,0,1
BRDA:358,55,1,0
BRDA:359,56,0,1
BRDA:359,56,1,0
BRDA:360,57,0,1
BRDA:360,57,1,0
BRDA:361,58,0,1
BRDA:361,58,1,0
BRDA:369,59,0,0
BRDA:369,59,1,1
BRDA:376,60,0,0
BRDA:376,60,1,0
BRDA:378,61,0,0
BRDA:378,61,1,0
BRDA:378,62,0,0
BRDA:378,62,1,0
BRDA:378,63,0,0
BRDA:378,63,1,0
BRDA:383,64,0,0
BRDA:383,64,1,0
BRDA:384,65,0,0
BRDA:384,65,1,0
BRDA:384,66,0,0
BRDA:384,66,1,0
BRDA:384,67,0,0
BRDA:384,67,1,0
BRDA:384,68,0,0
BRDA:384,68,1,0
BRDA:389,69,0,0
BRDA:389,69,1,0
BRDA:396,70,0,0
BRDA:396,70,1,0
BRDA:398,71,0,0
BRDA:398,71,1,0
BRDA:398,72,0,0
BRDA:398,72,1,0
BRDA:403,73,0,0
BRDA:403,73,1,0
BRDA:404,74,0,0
BRDA:404,74,1,0
BRDA:404,75,0,0
BRDA:404,75,1,0
BRDA:404,76,0,0
BRDA:404,76,1,0
BRDA:409,77,0,0
BRDA:409,77,1,0
BRDA:417,78,0,0
BRDA:417,78,1,0
BRDA:445,79,0,0
BRDA:445,80,0,0
BRDA:446,81,0,1
BRDA:446,81,1,2
BRDA:453,82,0,0
BRDA:454,83,0,1
BRDA:454,83,1,3
BRDA:457,84,0,3
BRDA:457,84,1,2
BRDA:462,85,0,12
BRDA:462,85,1,6
BRDA:466,86,0,6
BRDA:466,86,1,0
BRDA:470,87,0,6
BRDA:470,87,1,0
BRF:173
BRH:88
end_of_record
TN:
SF:src\index.js
FN:5,(anonymous_0)
FN:24,(anonymous_1)
FNF:2
FNH:1
FNDA:39,(anonymous_0)
FNDA:0,(anonymous_1)
DA:1,5
DA:2,5
DA:4,5
DA:5,5
DA:6,39
DA:7,39
DA:8,39
DA:9,39
DA:10,39
DA:12,5
DA:13,5
DA:16,5
DA:17,5
DA:19,0
DA:22,5
DA:23,0
DA:24,0
DA:27,5
LF:18
LH:15
BRDA:9,0,0,0
BRDA:9,0,1,39
BRDA:22,1,0,0
BRDA:22,1,1,5
BRDA:23,2,0,0
BRDA:23,2,1,0
BRF:6
BRH:2
end_of_record
TN:
SF:src\routes.js
FN:12,(anonymous_0)
FN:32,(anonymous_1)
FN:38,(anonymous_2)
FN:47,(anonymous_3)
FN:57,(anonymous_4)
FN:66,(anonymous_5)
FN:76,(anonymous_6)
FN:80,(anonymous_7)
FN:88,(anonymous_8)
FN:97,(anonymous_9)
FN:106,(anonymous_10)
FN:116,(anonymous_11)
FN:120,(anonymous_12)
FN:128,(anonymous_13)
FN:137,(anonymous_14)
FN:146,(anonymous_15)
FN:156,(anonymous_16)
FN:160,(anonymous_17)
FN:168,(anonymous_18)
FN:177,(anonymous_19)
FN:186,(anonymous_20)
FN:196,(anonymous_21)
FN:205,(anonymous_22)
FN:214,(anonymous_23)
FN:223,(anonymous_24)
FN:224,(anonymous_25)
FN:228,(anonymous_26)
FN:229,(anonymous_27)
FN:233,(anonymous_28)
FN:234,(anonymous_29)
FN:237,(anonymous_30)
FNF:31
FNH:21
FNDA:22,(anonymous_0)
FNDA:17,(anonymous_1)
FNDA:6,(anonymous_2)
FNDA:6,(anonymous_3)
FNDA:1,(anonymous_4)
FNDA:2,(anonymous_5)
FNDA:0,(anonymous_6)
FNDA:1,(anonymous_7)
FNDA:3,(anonymous_8)
FNDA:1,(anonymous_9)
FNDA:1,(anonymous_10)
FNDA:0,(anonymous_11)
FNDA:2,(anonymous_12)
FNDA:2,(anonymous_13)
FNDA:1,(anonymous_14)
FNDA:1,(anonymous_15)
FNDA:0,(anonymous_16)
FNDA:1,(anonymous_17)
FNDA:3,(anonymous_18)
FNDA:1,(anonymous_19)
FNDA:1,(anonymous_20)
FNDA:1,(anonymous_21)
FNDA:1,(anonymous_22)
FNDA:2,(anonymous_23)
FNDA:0,(anonymous_24)
FNDA:0,(anonymous_25)
FNDA:0,(anonymous_26)
FNDA:0,(anonymous_27)
FNDA:0,(anonymous_28)
FNDA:0,(anonymous_29)
FNDA:0,(anonymous_30)
DA:1,5
DA:2,5
DA:3,5
DA:4,5
DA:5,5
DA:6,5
DA:7,5
DA:10,5
DA:12,5
DA:13,22
DA:14,22
DA:15,1
DA:16,0
DA:17,0
DA:19,1
DA:22,21
DA:23,21
DA:25,21
DA:26,21
DA:28,21
DA:29,21
DA:32,5
DA:33,17
DA:34,16
DA:38,5
DA:39,6
DA:40,6
DA:41,6
DA:43,0
DA:47,5
DA:48,6
DA:49,6
DA:50,6
DA:52,0
DA:57,5
DA:58,1
DA:59,1
DA:60,1
DA:62,0
DA:66,5
DA:67,2
DA:68,2
DA:69,2
DA:71,0
DA:76,5
DA:77,0
DA:80,5
DA:81,1
DA:82,1
DA:84,0
DA:88,5
DA:89,3
DA:90,3
DA:91,3
DA:93,0
DA:97,5
DA:98,1
DA:99,1
DA:100,1
DA:102,0
DA:106,5
DA:107,1
DA:108,1
DA:109,1
DA:111,0
DA:116,5
DA:117,0
DA:120,5
DA:121,2
DA:122,2
DA:124,1
DA:128,5
DA:129,2
DA:130,2
DA:131,2
DA:133,0
DA:137,5
DA:138,1
DA:139,1
DA:140,1
DA:142,0
DA:146,5
DA:147,1
DA:148,1
DA:149,1
DA:151,0
DA:156,5
DA:157,0
DA:160,5
DA:161,1
DA:162,1
DA:164,0
DA:168,5
DA:169,3
DA:170,3
DA:171,3
DA:173,0
DA:177,5
DA:178,1
DA:179,1
DA:180,1
DA:182,0
DA:186,5
DA:187,1
DA:188,1
DA:189,1
DA:191,0
DA:196,5
DA:197,1
DA:198,1
DA:199,1
DA:201,0
DA:205,5
DA:206,1
DA:207,1
DA:208,1
DA:210,0
DA:214,5
DA:215,2
DA:216,2
DA:218,0
DA:223,5
DA:224,5
DA:225,0
DA:228,5
DA:229,5
DA:230,0
DA:233,5
DA:234,5
DA:235,0
DA:237,5
DA:239,5
LF:132
LH:106
BRDA:10,0,0,5
BRDA:10,0,1,0
BRDA:14,1,0,1
BRDA:14,1,1,21
BRDA:15,2,0,0
BRDA:15,2,1,1
BRDA:23,3,0,0
BRDA:23,3,1,21
BRDA:26,4,0,0
BRDA:26,4,1,21
BRDA:33,5,0,1
BRDA:33,5,1,16
BRF:12
BRH:8
end_of_record
TN:
SF:src\controllers\attendance.js
FN:3,markPresent
FN:7,getAttendance
FNF:2
FNH:2
FNDA:3,markPresent
FNDA:4,getAttendance
DA:1,5
DA:4,3
DA:8,4
DA:11,5
LF:4
LH:4
BRDA:3,0,0,2
BRDA:3,1,0,2
BRDA:7,2,0,2
BRF:3
BRH:3
end_of_record
TN:
SF:src\controllers\auth.js
FN:7,register
FN:15,login
FN:34,verifyToken
FNF:3
FNH:3
FNDA:6,register
FNDA:6,login
FNDA:21,verifyToken
DA:1,5
DA:2,5
DA:3,5
DA:5,5
DA:8,6
DA:9,6
DA:11,6
DA:12,6
DA:16,6
DA:17,6
DA:19,6
DA:20,6
DA:22,6
DA:28,6
DA:35,21
DA:36,21
DA:38,0
DA:42,5
LF:18
LH:17
BRDA:5,0,0,5
BRDA:5,0,1,5
BRDA:7,1,0,0
BRDA:9,2,0,0
BRDA:9,2,1,6
BRDA:17,3,0,0
BRDA:17,3,1,6
BRDA:20,4,0,0
BRDA:20,4,1,6
BRF:9
BRH:5
end_of_record
TN:
SF:src\controllers\classes.js
FN:3,listClasses
FN:7,getClass
FN:13,createClass
FN:23,updateClass
FN:34,deleteClass
FN:40,enrollStudent
FN:44,unenrollStudent
FN:48,getStudents
FNF:8
FNH:7
FNDA:0,listClasses
FNDA:1,getClass
FNDA:3,createClass
FNDA:1,updateClass
FNDA:1,deleteClass
FNDA:1,enrollStudent
FNDA:1,unenrollStudent
FNDA:2,getStudents
DA:1,5
DA:4,0
DA:8,1
DA:9,1
DA:10,1
DA:14,3
DA:15,3
DA:24,1
DA:25,1
DA:26,1
DA:35,1
DA:36,1
DA:37,1
DA:41,1
DA:45,1
DA:49,2
DA:52,5
LF:17
LH:16
BRDA:9,0,0,0
BRDA:9,0,1,1
BRDA:14,1,0,0
BRDA:14,1,1,3
BRDA:14,2,0,3
BRDA:14,2,1,3
BRDA:25,3,0,0
BRDA:25,3,1,1
BRDA:27,4,0,1
BRDA:27,4,1,0
BRDA:28,5,0,0
BRDA:28,5,1,1
BRDA:29,6,0,0
BRDA:29,6,1,1
BRDA:30,7,0,0
BRDA:30,7,1,1
BRDA:36,8,0,0
BRDA:36,8,1,1
BRF:18
BRH:10
end_of_record
TN:
SF:src\controllers\planning.js
FN:4,listPeriods
FN:5,createPeriod
FN:9,updatePeriod
FN:10,deletePeriod
FN:13,listSubjects
FN:14,createSubject
FN:18,updateSubject
FN:19,deleteSubject
FN:22,getSchedule
FN:23,addSchedule
FN:26,(anonymous_10)
FN:35,removeSchedule
FNF:12
FNH:0
FNDA:0,listPeriods
FNDA:0,createPeriod
FNDA:0,updatePeriod
FNDA:0,deletePeriod
FNDA:0,listSubjects
FNDA:0,createSubject
FNDA:0,updateSubject
FNDA:0,deleteSubject
FNDA:0,getSchedule
FNDA:0,addSchedule
FNDA:0,(anonymous_10)
FNDA:0,removeSchedule
DA:1,5
DA:4,0
DA:6,0
DA:7,0
DA:9,0
DA:10,0
DA:13,0
DA:15,0
DA:16,0
DA:18,0
DA:19,0
DA:22,0
DA:25,0
DA:26,0
DA:27,0
DA:31,0
DA:33,0
DA:35,0
DA:37,5
LF:19
LH:2
BRDA:6,0,0,0
BRDA:6,0,1,0
BRDA:15,1,0,0
BRDA:15,1,1,0
BRDA:27,2,0,0
BRDA:27,2,1,0
BRDA:27,2,2,0
BRDA:27,2,3,0
BRDA:27,2,4,0
BRDA:31,3,0,0
BRDA:31,3,1,0
BRF:11
BRH:0
end_of_record
TN:
SF:src\controllers\students.js
FN:3,listStudents
FN:7,getStudent
FN:13,createStudent
FN:30,updateStudent
FN:48,deleteStudent
FNF:5
FNH:4
FNDA:0,listStudents
FNDA:1,getStudent
FNDA:4,createStudent
FNDA:1,updateStudent
FNDA:1,deleteStudent
DA:1,5
DA:4,0
DA:8,1
DA:9,1
DA:10,1
DA:14,4
DA:15,4
DA:31,1
DA:32,1
DA:33,1
DA:49,1
DA:50,1
DA:51,1
DA:54,5
LF:14
LH:13
BRDA:9,0,0,0
BRDA:9,0,1,1
BRDA:14,1,0,0
BRDA:14,1,1,4
BRDA:14,2,0,4
BRDA:14,2,1,4
BRDA:26,3,0,4
BRDA:26,3,1,4
BRDA:32,4,0,0
BRDA:32,4,1,1
BRDA:34,5,0,1
BRDA:34,5,1,0
BRDA:35,6,0,0
BRDA:35,6,1,1
BRDA:36,7,0,0
BRDA:36,7,1,1
BRDA:37,8,0,0
BRDA:37,8,1,1
BRDA:38,9,0,0
BRDA:38,9,1,1
BRDA:39,10,0,0
BRDA:39,10,1,1
BRDA:40,11,0,0
BRDA:40,11,1,1
BRDA:41,12,0,0
BRDA:41,12,1,1
BRDA:42,13,0,0
BRDA:42,13,1,1
BRDA:43,14,0,0
BRDA:43,14,1,1
BRDA:44,15,0,0
BRDA:44,15,1,1
BRDA:50,16,0,0
BRDA:50,16,1,1
BRF:34
BRH:19
end_of_record
TN:
SF:src\controllers\teachers.js
FN:3,listTeachers
FN:7,getTeacher
FN:13,createTeacher
FN:27,updateTeacher
FN:42,deleteTeacher
FNF:5
FNH:4
FNDA:0,listTeachers
FNDA:2,getTeacher
FNDA:2,createTeacher
FNDA:1,updateTeacher
FNDA:1,deleteTeacher
DA:1,5
DA:4,0
DA:8,2
DA:9,2
DA:10,1
DA:14,2
DA:15,2
DA:28,1
DA:29,1
DA:30,1
DA:43,1
DA:44,1
DA:45,1
DA:48,5
LF:14
LH:13
BRDA:9,0,0,1
BRDA:9,0,1,1
BRDA:14,1,0,0
BRDA:14,1,1,2
BRDA:14,2,0,2
BRDA:14,2,1,2
BRDA:29,3,0,0
BRDA:29,3,1,1
BRDA:31,4,0,1
BRDA:31,4,1,1
BRDA:32,5,0,0
BRDA:32,5,1,1
BRDA:33,6,0,0
BRDA:33,6,1,1
BRDA:34,7,0,0
BRDA:34,7,1,1
BRDA:35,8,0,0
BRDA:35,8,1,1
BRDA:36,9,0,0
BRDA:36,9,1,1
BRDA:37,10,0,0
BRDA:37,10,1,1
BRDA:38,11,0,1
BRDA:38,11,1,0
BRDA:44,12,0,0
BRDA:44,12,1,1
BRF:26
BRH:16
end_of_record
