TN:
SF:knexfile.js
FNF:0
FNH:0
DA:1,5
DA:3,5
DA:5,5
LF:3
LH:3
BRDA:3,0,0,0
BRDA:3,0,1,5
BRDA:3,1,0,5
BRDA:3,1,1,5
BRF:4
BRH:3
end_of_record
TN:
SF:migrations/20260603205558_full_schema.js
FN:1,(anonymous_0)
FN:3,(anonymous_1)
FN:17,(anonymous_2)
FN:28,(anonymous_3)
FN:35,(anonymous_4)
FN:42,(anonymous_5)
FN:48,(anonymous_6)
FN:57,(anonymous_7)
FN:62,(anonymous_8)
FN:71,(anonymous_9)
FN:79,(anonymous_10)
FNF:11
FNH:10
FNDA:5,(anonymous_0)
FNDA:5,(anonymous_1)
FNDA:5,(anonymous_2)
FNDA:5,(anonymous_3)
FNDA:5,(anonymous_4)
FNDA:5,(anonymous_5)
FNDA:5,(anonymous_6)
FNDA:5,(anonymous_7)
FNDA:5,(anonymous_8)
FNDA:5,(anonymous_9)
FNDA:0,(anonymous_10)
DA:1,5
DA:2,5
DA:4,5
DA:5,5
DA:6,5
DA:7,5
DA:8,5
DA:9,5
DA:10,5
DA:11,5
DA:12,5
DA:13,5
DA:14,5
DA:15,5
DA:18,5
DA:19,5
DA:20,5
DA:21,5
DA:22,5
DA:23,5
DA:24,5
DA:25,5
DA:26,5
DA:29,5
DA:30,5
DA:31,5
DA:32,5
DA:33,5
DA:36,5
DA:37,5
DA:38,5
DA:39,5
DA:40,5
DA:43,5
DA:44,5
DA:45,5
DA:46,5
DA:49,5
DA:50,5
DA:51,5
DA:52,5
DA:53,5
DA:54,5
DA:55,5
DA:58,5
DA:59,5
DA:60,5
DA:63,5
DA:64,5
DA:65,5
DA:66,5
DA:67,5
DA:68,5
DA:69,5
DA:72,5
DA:73,5
DA:74,5
DA:75,5
DA:79,5
DA:80,0
LF:60
LH:59
BRF:0
BRH:0
end_of_record
TN:
SF:migrations/20260613120000_school_hierarchy.js
FN:1,(anonymous_0)
FN:3,(anonymous_1)
FN:8,(anonymous_2)
FN:14,(anonymous_3)
FN:18,(anonymous_4)
FN:22,(anonymous_5)
FN:27,(anonymous_6)
FN:39,(anonymous_7)
FN:64,(anonymous_8)
FN:67,(anonymous_9)
FN:92,(anonymous_10)
FN:94,(anonymous_11)
FN:99,(anonymous_12)
FNF:13
FNH:8
FNDA:5,(anonymous_0)
FNDA:5,(anonymous_1)
FNDA:5,(anonymous_2)
FNDA:5,(anonymous_3)
FNDA:5,(anonymous_4)
FNDA:5,(anonymous_5)
FNDA:5,(anonymous_6)
FNDA:20,(anonymous_7)
FNDA:0,(anonymous_8)
FNDA:0,(anonymous_9)
FNDA:0,(anonymous_10)
FNDA:0,(anonymous_11)
FNDA:0,(anonymous_12)
DA:1,5
DA:2,5
DA:4,5
DA:5,5
DA:6,5
DA:9,5
DA:10,5
DA:11,5
DA:12,5
DA:15,5
DA:16,5
DA:19,5
DA:20,5
DA:23,5
DA:24,5
DA:25,5
DA:29,5
DA:35,5
DA:37,5
DA:38,5
DA:39,20
DA:42,5
DA:59,5
DA:62,5
DA:63,5
DA:64,5
DA:66,5
DA:67,0
DA:71,5
DA:72,5
DA:75,5
DA:76,75
DA:78,5
DA:79,0
DA:83,5
DA:84,75
DA:86,5
DA:87,0
DA:92,5
DA:93,0
DA:95,0
DA:96,0
DA:97,0
DA:100,0
DA:101,0
LF:45
LH:36
BRDA:66,0,0,0
BRDA:66,0,1,5
BRF:2
BRH:1
end_of_record
TN:
SF:migrations/20260613130000_enterprise_auth.js
FN:1,(anonymous_0)
FN:4,(anonymous_1)
FN:13,(anonymous_2)
FN:24,(anonymous_3)
FN:32,(anonymous_4)
FN:36,(anonymous_5)
FN:47,(anonymous_6)
FNF:7
FNH:5
FNDA:5,(anonymous_0)
FNDA:5,(anonymous_1)
FNDA:5,(anonymous_2)
FNDA:5,(anonymous_3)
FNDA:5,(anonymous_4)
FNDA:0,(anonymous_5)
FNDA:0,(anonymous_6)
DA:1,5
DA:2,5
DA:5,5
DA:6,5
DA:7,5
DA:8,5
DA:9,5
DA:10,5
DA:14,5
DA:15,5
DA:16,5
DA:17,5
DA:18,5
DA:19,5
DA:20,5
DA:21,5
DA:25,5
DA:26,5
DA:27,5
DA:28,5
DA:29,5
DA:30,5
DA:34,5
DA:35,5
DA:36,0
DA:42,0
DA:47,5
DA:48,0
LF:28
LH:25
BRDA:35,0,0,0
BRDA:35,0,1,5
BRF:2
BRH:1
end_of_record
TN:
SF:migrations/20260613140000_hrbac_system.js
FN:1,(anonymous_0)
FN:4,(anonymous_1)
FN:12,(anonymous_2)
FN:19,(anonymous_3)
FN:25,(anonymous_4)
FN:31,(anonymous_5)
FN:64,(anonymous_6)
FN:70,(anonymous_7)
FNF:8
FNH:7
FNDA:5,(anonymous_0)
FNDA:5,(anonymous_1)
FNDA:5,(anonymous_2)
FNDA:5,(anonymous_3)
FNDA:5,(anonymous_4)
FNDA:5,(anonymous_5)
FNDA:45,(anonymous_6)
FNDA:0,(anonymous_7)
DA:1,5
DA:2,5
DA:5,5
DA:6,5
DA:7,5
DA:8,5
DA:9,5
DA:13,5
DA:14,5
DA:15,5
DA:16,5
DA:20,5
DA:21,5
DA:22,5
DA:26,5
DA:27,5
DA:28,5
DA:29,5
DA:33,5
DA:43,5
DA:46,5
DA:57,5
DA:60,5
DA:61,5
DA:62,5
DA:63,5
DA:64,45
DA:70,5
DA:71,0
LF:29
LH:28
BRDA:62,0,0,5
BRDA:62,0,1,0
BRDA:62,1,0,5
BRDA:62,1,1,5
BRF:4
BRH:3
end_of_record
TN:
SF:src/db.js
FN:17,ensureColumns
FN:18,(anonymous_1)
FN:27,init
FN:155,getAllSections
FN:156,getAllGrades
FN:157,getAllArms
FN:160,getAllStudents
FN:161,(anonymous_7)
FN:164,getStudentById
FN:170,createStudent
FN:181,updateStudent
FN:203,deleteStudent
FN:211,getAllTeachers
FN:215,getTeacherById
FN:219,createTeacher
FN:228,updateTeacher
FN:245,deleteTeacher
FN:253,getAllClasses
FN:257,getClassById
FN:261,createClass
FN:269,updateClass
FN:285,deleteClass
FN:293,getAllPeriods
FN:294,getPeriodById
FN:295,createPeriod
FN:299,updatePeriod
FN:305,deletePeriod
FN:313,getAllSubjects
FN:314,getSubjectById
FN:315,createSubject
FN:319,updateSubject
FN:325,deleteSubject
FN:333,getScheduleForClass
FN:334,createSchedule
FN:338,deleteSchedule
FN:344,enrollStudent
FN:349,unenrollStudent
FN:354,getStudentsInClass
FN:355,(anonymous_38)
FN:358,getClassesForStudent
FN:359,(anonymous_40)
FN:363,markPresent
FN:371,getAttendance
FN:379,getUserByUsername
FN:383,getUserById
FN:387,createUser
FN:403,getUserByIdentifier
FN:407,createSession
FN:412,getSession
FN:416,getSessionByHash
FN:420,updateSession
FN:425,revokeSession
FN:430,revokeAllUserSessions
FN:435,logSecurityEvent
FN:440,getUserRoles
FN:441,(anonymous_55)
FN:444,getUserPermissions
FN:445,(anonymous_57)
FNF:58
FNH:28
FNDA:0,ensureColumns
FNDA:0,(anonymous_1)
FNDA:5,init
FNDA:0,getAllSections
FNDA:0,getAllGrades
FNDA:0,getAllArms
FNDA:0,getAllStudents
FNDA:0,(anonymous_7)
FNDA:11,getStudentById
FNDA:4,createStudent
FNDA:1,updateStudent
FNDA:1,deleteStudent
FNDA:0,getAllTeachers
FNDA:9,getTeacherById
FNDA:2,createTeacher
FNDA:1,updateTeacher
FNDA:1,deleteTeacher
FNDA:0,getAllClasses
FNDA:9,getClassById
FNDA:3,createClass
FNDA:1,updateClass
FNDA:1,deleteClass
FNDA:0,getAllPeriods
FNDA:0,getPeriodById
FNDA:0,createPeriod
FNDA:0,updatePeriod
FNDA:0,deletePeriod
FNDA:0,getAllSubjects
FNDA:0,getSubjectById
FNDA:0,createSubject
FNDA:0,updateSubject
FNDA:0,deleteSubject
FNDA:0,getScheduleForClass
FNDA:0,createSchedule
FNDA:0,deleteSchedule
FNDA:1,enrollStudent
FNDA:1,unenrollStudent
FNDA:2,getStudentsInClass
FNDA:1,(anonymous_38)
FNDA:0,getClassesForStudent
FNDA:0,(anonymous_40)
FNDA:2,markPresent
FNDA:2,getAttendance
FNDA:6,getUserByUsername
FNDA:6,getUserById
FNDA:6,createUser
FNDA:6,getUserByIdentifier
FNDA:6,createSession
FNDA:24,getSession
FNDA:0,getSessionByHash
FNDA:0,updateSession
FNDA:0,revokeSession
FNDA:0,revokeAllUserSessions
FNDA:6,logSecurityEvent
FNDA:0,getUserRoles
FNDA:0,(anonymous_55)
FNDA:24,getUserPermissions
FNDA:198,(anonymous_57)
DA:1,5
DA:2,5
DA:3,5
DA:18,0
DA:20,0
DA:21,0
DA:22,0
DA:28,5
DA:30,5
DA:31,5
DA:33,5
DA:36,5
DA:37,5
DA:38,5
DA:42,5
DA:49,5
DA:51,5
DA:52,5
DA:53,5
DA:57,5
DA:63,5
DA:65,5
DA:66,5
DA:67,5
DA:68,5
DA:69,5
DA:72,5
DA:73,5
DA:74,5
DA:77,5
DA:78,5
DA:79,5
DA:80,5
DA:81,5
DA:83,5
DA:84,5
DA:85,5
DA:86,5
DA:87,5
DA:89,5
DA:90,5
DA:91,5
DA:93,5
DA:94,5
DA:95,5
DA:96,5
DA:98,5
DA:99,5
DA:101,5
DA:102,5
DA:103,5
DA:106,5
DA:112,5
DA:116,5
DA:117,5
DA:118,5
DA:119,5
DA:120,5
DA:122,5
DA:123,5
DA:126,5
DA:127,5
DA:128,5
DA:136,5
DA:155,0
DA:156,0
DA:157,0
DA:161,0
DA:165,11
DA:166,11
DA:167,11
DA:171,4
DA:172,4
DA:178,4
DA:182,1
DA:183,1
DA:184,1
DA:185,1
DA:200,1
DA:204,1
DA:205,1
DA:206,1
DA:207,1
DA:212,0
DA:216,9
DA:220,2
DA:225,2
DA:229,1
DA:230,1
DA:231,1
DA:242,1
DA:246,1
DA:247,1
DA:248,1
DA:249,1
DA:254,0
DA:258,9
DA:262,3
DA:266,3
DA:270,1
DA:271,1
DA:272,1
DA:282,1
DA:286,1
DA:287,1
DA:288,1
DA:289,1
DA:293,0
DA:294,0
DA:296,0
DA:297,0
DA:300,0
DA:301,0
DA:302,0
DA:303,0
DA:306,0
DA:307,0
DA:308,0
DA:309,0
DA:313,0
DA:314,0
DA:316,0
DA:317,0
DA:320,0
DA:321,0
DA:322,0
DA:323,0
DA:326,0
DA:327,0
DA:328,0
DA:329,0
DA:333,0
DA:335,0
DA:336,0
DA:339,0
DA:340,0
DA:345,1
DA:346,1
DA:350,1
DA:351,1
DA:355,2
DA:359,0
DA:364,2
DA:365,1
DA:366,1
DA:367,1
DA:368,1
DA:372,2
DA:373,1
DA:374,1
DA:375,1
DA:380,6
DA:384,6
DA:388,6
DA:389,6
DA:390,6
DA:393,6
DA:394,6
DA:395,6
DA:396,6
DA:399,6
DA:404,6
DA:408,6
DA:409,6
DA:413,24
DA:417,0
DA:421,0
DA:422,0
DA:426,0
DA:427,0
DA:431,0
DA:432,0
DA:436,6
DA:441,0
DA:445,198
DA:448,5
LF:176
LH:128
BRDA:21,0,0,0
BRDA:21,0,1,0
BRDA:28,1,0,0
BRDA:28,1,1,5
BRDA:28,2,0,5
BRDA:28,2,1,0
BRDA:30,3,0,0
BRDA:30,3,1,5
BRDA:31,4,0,0
BRDA:31,4,1,5
BRDA:31,5,0,5
BRDA:31,5,1,5
BRDA:161,6,0,0
BRDA:161,6,1,0
BRDA:166,7,0,0
BRDA:166,7,1,11
BRDA:167,8,0,11
BRDA:167,8,1,0
BRDA:171,9,0,4
BRDA:171,9,1,0
BRDA:173,10,0,4
BRDA:173,10,1,4
BRDA:173,11,0,4
BRDA:173,11,1,4
BRDA:173,12,0,4
BRDA:173,12,1,4
BRDA:174,13,0,4
BRDA:174,13,1,4
BRDA:174,14,0,4
BRDA:174,14,1,4
BRDA:174,15,0,4
BRDA:174,15,1,4
BRDA:175,16,0,4
BRDA:175,16,1,4
BRDA:175,17,0,4
BRDA:175,17,1,4
BRDA:175,18,0,4
BRDA:175,18,1,4
BRDA:176,19,0,4
BRDA:176,19,1,4
BRDA:176,20,0,4
BRDA:176,20,1,4
BRDA:183,21,0,0
BRDA:183,21,1,1
BRDA:184,22,0,1
BRDA:184,22,1,0
BRDA:186,23,0,1
BRDA:186,23,1,0
BRDA:186,24,0,1
BRDA:186,24,1,0
BRDA:187,25,0,1
BRDA:187,25,1,0
BRDA:188,26,0,1
BRDA:188,26,1,0
BRDA:189,27,0,1
BRDA:189,27,1,0
BRDA:190,28,0,1
BRDA:190,28,1,0
BRDA:191,29,0,1
BRDA:191,29,1,0
BRDA:192,30,0,1
BRDA:192,30,1,0
BRDA:193,31,0,1
BRDA:193,31,1,0
BRDA:194,32,0,1
BRDA:194,32,1,0
BRDA:196,33,0,1
BRDA:196,33,1,0
BRDA:197,34,0,1
BRDA:197,34,1,0
BRDA:205,35,0,0
BRDA:205,35,1,1
BRDA:216,36,0,9
BRDA:216,36,1,1
BRDA:221,37,0,2
BRDA:221,37,1,1
BRDA:221,38,0,2
BRDA:221,38,1,2
BRDA:222,39,0,2
BRDA:222,39,1,2
BRDA:222,40,0,2
BRDA:222,40,1,2
BRDA:223,41,0,2
BRDA:223,41,1,2
BRDA:223,42,0,2
BRDA:223,42,1,2
BRDA:223,43,0,2
BRDA:223,43,1,1
BRDA:230,44,0,0
BRDA:230,44,1,1
BRDA:232,45,0,1
BRDA:232,45,1,0
BRDA:233,46,0,1
BRDA:233,46,1,0
BRDA:234,47,0,1
BRDA:234,47,1,0
BRDA:235,48,0,1
BRDA:235,48,1,0
BRDA:236,49,0,1
BRDA:236,49,1,0
BRDA:237,50,0,1
BRDA:237,50,1,0
BRDA:238,51,0,1
BRDA:238,51,1,0
BRDA:239,52,0,1
BRDA:239,52,1,0
BRDA:247,53,0,0
BRDA:247,53,1,1
BRDA:258,54,0,9
BRDA:258,54,1,0
BRDA:263,55,0,3
BRDA:263,55,1,3
BRDA:263,56,0,3
BRDA:263,56,1,3
BRDA:263,57,0,3
BRDA:263,57,1,2
BRDA:264,58,0,3
BRDA:264,58,1,3
BRDA:264,59,0,3
BRDA:264,59,1,3
BRDA:264,60,0,3
BRDA:264,60,1,3
BRDA:271,61,0,0
BRDA:271,61,1,1
BRDA:273,62,0,1
BRDA:273,62,1,0
BRDA:274,63,0,1
BRDA:274,63,1,0
BRDA:275,64,0,1
BRDA:275,64,1,0
BRDA:276,65,0,1
BRDA:276,65,1,0
BRDA:277,66,0,1
BRDA:277,66,1,0
BRDA:278,67,0,1
BRDA:278,67,1,0
BRDA:279,68,0,1
BRDA:279,68,1,0
BRDA:287,69,0,0
BRDA:287,69,1,1
BRDA:294,70,0,0
BRDA:294,70,1,0
BRDA:296,71,0,0
BRDA:296,71,1,0
BRDA:296,72,0,0
BRDA:296,72,1,0
BRDA:296,73,0,0
BRDA:296,73,1,0
BRDA:301,74,0,0
BRDA:301,74,1,0
BRDA:302,75,0,0
BRDA:302,75,1,0
BRDA:302,76,0,0
BRDA:302,76,1,0
BRDA:302,77,0,0
BRDA:302,77,1,0
BRDA:302,78,0,0
BRDA:302,78,1,0
BRDA:307,79,0,0
BRDA:307,79,1,0
BRDA:314,80,0,0
BRDA:314,80,1,0
BRDA:316,81,0,0
BRDA:316,81,1,0
BRDA:316,82,0,0
BRDA:316,82,1,0
BRDA:321,83,0,0
BRDA:321,83,1,0
BRDA:322,84,0,0
BRDA:322,84,1,0
BRDA:322,85,0,0
BRDA:322,85,1,0
BRDA:322,86,0,0
BRDA:322,86,1,0
BRDA:327,87,0,0
BRDA:327,87,1,0
BRDA:335,88,0,0
BRDA:335,88,1,0
BRDA:363,89,0,0
BRDA:363,90,0,0
BRDA:364,91,0,1
BRDA:364,91,1,1
BRDA:371,92,0,0
BRDA:372,93,0,1
BRDA:372,93,1,1
BRDA:375,94,0,1
BRDA:375,94,1,1
BRDA:380,95,0,6
BRDA:380,95,1,6
BRDA:384,96,0,6
BRDA:384,96,1,0
BRDA:388,97,0,6
BRDA:388,97,1,0
BRDA:393,98,0,6
BRDA:393,98,1,0
BRDA:395,99,0,6
BRDA:395,99,1,0
BRDA:404,100,0,6
BRDA:404,100,1,0
BRDA:408,101,0,6
BRDA:408,101,1,0
BRDA:413,102,0,24
BRDA:413,102,1,0
BRDA:417,103,0,0
BRDA:417,103,1,0
BRDA:436,104,0,6
BRDA:436,104,1,0
BRDA:436,105,0,6
BRDA:436,105,1,0
BRDA:436,106,0,6
BRDA:436,106,1,0
BRDA:441,107,0,0
BRDA:441,107,1,0
BRF:213
BRH:112
end_of_record
TN:
SF:src/index.js
FN:8,(anonymous_0)
FN:21,start
FN:33,(anonymous_2)
FNF:3
FNH:1
FNDA:37,(anonymous_0)
FNDA:0,start
FNDA:0,(anonymous_2)
DA:1,5
DA:2,5
DA:3,5
DA:4,5
DA:5,5
DA:7,5
DA:8,5
DA:9,37
DA:10,37
DA:11,37
DA:12,37
DA:13,37
DA:15,5
DA:16,5
DA:18,5
DA:22,0
DA:23,0
DA:24,0
DA:25,0
DA:26,0
DA:27,0
DA:28,0
DA:30,0
DA:32,0
DA:33,0
DA:35,0
DA:36,0
DA:40,5
DA:41,0
DA:44,5
LF:30
LH:17
BRDA:12,0,0,0
BRDA:12,0,1,37
BRDA:32,1,0,0
BRDA:32,1,1,0
BRDA:40,2,0,0
BRDA:40,2,1,5
BRF:6
BRH:2
end_of_record
TN:
SF:src/routes.js
FN:11,(anonymous_0)
FN:33,(anonymous_1)
FN:42,(anonymous_2)
FN:43,(anonymous_3)
FN:62,(anonymous_4)
FN:70,(anonymous_5)
FN:77,(anonymous_6)
FN:85,(anonymous_7)
FN:90,(anonymous_8)
FN:96,(anonymous_9)
FN:100,(anonymous_10)
FN:106,(anonymous_11)
FN:111,(anonymous_12)
FN:116,(anonymous_13)
FN:122,(anonymous_14)
FN:126,(anonymous_15)
FN:130,(anonymous_16)
FN:135,(anonymous_17)
FN:140,(anonymous_18)
FN:146,(anonymous_19)
FN:150,(anonymous_20)
FN:154,(anonymous_21)
FN:159,(anonymous_22)
FN:164,(anonymous_23)
FN:170,(anonymous_24)
FN:175,(anonymous_25)
FN:180,(anonymous_26)
FN:185,(anonymous_27)
FN:186,(anonymous_28)
FN:190,(anonymous_29)
FN:191,(anonymous_30)
FN:195,(anonymous_31)
FN:196,(anonymous_32)
FN:199,(anonymous_33)
FN:202,(anonymous_34)
FN:203,(anonymous_35)
FN:204,(anonymous_36)
FNF:37
FNH:20
FNDA:25,(anonymous_0)
FNDA:0,(anonymous_1)
FNDA:135,(anonymous_2)
FNDA:24,(anonymous_3)
FNDA:6,(anonymous_4)
FNDA:6,(anonymous_5)
FNDA:0,(anonymous_6)
FNDA:0,(anonymous_7)
FNDA:0,(anonymous_8)
FNDA:0,(anonymous_9)
FNDA:1,(anonymous_10)
FNDA:3,(anonymous_11)
FNDA:1,(anonymous_12)
FNDA:1,(anonymous_13)
FNDA:0,(anonymous_14)
FNDA:2,(anonymous_15)
FNDA:2,(anonymous_16)
FNDA:1,(anonymous_17)
FNDA:1,(anonymous_18)
FNDA:0,(anonymous_19)
FNDA:1,(anonymous_20)
FNDA:3,(anonymous_21)
FNDA:1,(anonymous_22)
FNDA:1,(anonymous_23)
FNDA:1,(anonymous_24)
FNDA:1,(anonymous_25)
FNDA:2,(anonymous_26)
FNDA:0,(anonymous_27)
FNDA:0,(anonymous_28)
FNDA:0,(anonymous_29)
FNDA:0,(anonymous_30)
FNDA:0,(anonymous_31)
FNDA:0,(anonymous_32)
FNDA:0,(anonymous_33)
FNDA:0,(anonymous_34)
FNDA:0,(anonymous_35)
FNDA:0,(anonymous_36)
DA:1,5
DA:2,5
DA:3,5
DA:4,5
DA:5,5
DA:6,5
DA:7,5
DA:8,5
DA:11,5
DA:12,25
DA:13,25
DA:14,1
DA:17,24
DA:18,24
DA:20,24
DA:21,24
DA:24,24
DA:25,24
DA:26,24
DA:29,24
DA:30,24
DA:33,5
DA:34,0
DA:35,0
DA:36,0
DA:37,0
DA:39,0
DA:42,5
DA:43,135
DA:44,24
DA:45,24
DA:48,24
DA:49,22
DA:52,2
DA:53,2
DA:54,2
DA:59,5
DA:63,6
DA:64,6
DA:67,5
DA:71,6
DA:72,6
DA:75,5
DA:78,0
DA:79,0
DA:83,5
DA:86,0
DA:87,0
DA:90,5
DA:91,0
DA:92,0
DA:96,5
DA:97,0
DA:100,5
DA:101,1
DA:104,5
DA:107,3
DA:108,3
DA:111,5
DA:112,1
DA:113,1
DA:116,5
DA:117,1
DA:118,1
DA:122,5
DA:123,0
DA:126,5
DA:127,2
DA:130,5
DA:131,2
DA:132,2
DA:135,5
DA:136,1
DA:137,1
DA:140,5
DA:141,1
DA:142,1
DA:146,5
DA:147,0
DA:150,5
DA:151,1
DA:154,5
DA:155,3
DA:156,3
DA:159,5
DA:160,1
DA:161,1
DA:164,5
DA:165,1
DA:166,1
DA:170,5
DA:171,1
DA:172,1
DA:175,5
DA:176,1
DA:177,1
DA:180,5
DA:181,2
DA:185,5
DA:186,5
DA:187,0
DA:190,5
DA:191,5
DA:192,0
DA:195,5
DA:196,5
DA:197,0
DA:199,5
DA:202,5
DA:203,5
DA:204,5
DA:206,5
LF:112
LH:95
BRDA:13,0,0,1
BRDA:13,0,1,24
BRDA:18,1,0,0
BRDA:18,1,1,24
BRDA:21,2,0,0
BRDA:21,2,1,24
BRDA:24,3,0,24
BRDA:24,3,1,0
BRDA:26,4,0,0
BRDA:26,4,1,24
BRDA:34,5,0,0
BRDA:34,5,1,0
BRDA:48,6,0,22
BRDA:48,6,1,2
BRDA:48,7,0,24
BRDA:48,7,1,24
BRF:16
BRH:10
end_of_record
TN:
SF:src/controllers/attendance.js
FN:4,markPresent
FN:8,getAttendance
FNF:2
FNH:2
FNDA:2,markPresent
FNDA:2,getAttendance
DA:1,5
DA:2,5
DA:5,2
DA:9,2
DA:12,5
LF:5
LH:5
BRDA:4,0,0,2
BRDA:4,1,0,2
BRDA:8,2,0,2
BRF:3
BRH:3
end_of_record
TN:
SF:src/controllers/auth.js
FN:9,register
FN:27,generateFingerprint
FN:33,login
FN:79,refresh
FN:125,verifyToken
FNF:5
FNH:4
FNDA:6,register
FNDA:6,generateFingerprint
FNDA:6,login
FNDA:0,refresh
FNDA:24,verifyToken
DA:1,5
DA:2,5
DA:3,5
DA:4,5
DA:6,5
DA:7,5
DA:10,6
DA:11,6
DA:13,6
DA:14,6
DA:24,6
DA:28,6
DA:29,6
DA:30,6
DA:34,6
DA:35,6
DA:36,0
DA:37,0
DA:40,6
DA:41,6
DA:42,0
DA:43,0
DA:46,6
DA:47,6
DA:49,6
DA:55,6
DA:56,6
DA:58,6
DA:59,6
DA:61,6
DA:70,6
DA:72,6
DA:80,0
DA:81,0
DA:83,0
DA:84,0
DA:85,0
DA:88,0
DA:89,0
DA:90,0
DA:91,0
DA:94,0
DA:95,0
DA:96,0
DA:97,0
DA:98,0
DA:101,0
DA:102,0
DA:108,0
DA:109,0
DA:111,0
DA:112,0
DA:114,0
DA:119,0
DA:126,24
DA:127,24
DA:129,0
DA:133,5
LF:58
LH:31
BRDA:6,0,0,5
BRDA:6,0,1,5
BRDA:7,1,0,5
BRDA:7,1,1,5
BRDA:9,2,0,0
BRDA:11,3,0,0
BRDA:11,3,1,6
BRDA:28,4,0,6
BRDA:28,4,1,6
BRDA:29,5,0,6
BRDA:29,5,1,0
BRDA:35,6,0,0
BRDA:35,6,1,6
BRDA:41,7,0,0
BRDA:41,7,1,6
BRDA:83,8,0,0
BRDA:83,8,1,0
BRDA:88,9,0,0
BRDA:88,9,1,0
BRDA:95,10,0,0
BRDA:95,10,1,0
BRF:21
BRH:10
end_of_record
TN:
SF:src/controllers/classes.js
FN:4,listClasses
FN:8,getClass
FN:18,createClass
FN:31,updateClass
FN:49,deleteClass
FN:59,enrollStudent
FN:63,unenrollStudent
FN:67,getStudents
FN:71,listSections
FN:72,listGrades
FN:73,listArms
FNF:11
FNH:7
FNDA:0,listClasses
FNDA:1,getClass
FNDA:3,createClass
FNDA:1,updateClass
FNDA:1,deleteClass
FNDA:1,enrollStudent
FNDA:1,unenrollStudent
FNDA:2,getStudents
FNDA:0,listSections
FNDA:0,listGrades
FNDA:0,listArms
DA:1,5
DA:2,5
DA:5,0
DA:9,1
DA:10,1
DA:11,0
DA:12,0
DA:13,0
DA:15,1
DA:19,3
DA:20,3
DA:32,1
DA:33,1
DA:34,0
DA:35,0
DA:36,0
DA:38,1
DA:50,1
DA:51,1
DA:52,0
DA:53,0
DA:54,0
DA:56,1
DA:60,1
DA:64,1
DA:68,2
DA:71,0
DA:72,0
DA:73,0
DA:75,5
LF:30
LH:17
BRDA:10,0,0,0
BRDA:10,0,1,1
BRDA:19,1,0,0
BRDA:19,1,1,3
BRDA:19,2,0,3
BRDA:19,2,1,3
BRDA:33,3,0,0
BRDA:33,3,1,1
BRDA:39,4,0,1
BRDA:39,4,1,0
BRDA:40,5,0,0
BRDA:40,5,1,1
BRDA:41,6,0,0
BRDA:41,6,1,1
BRDA:42,7,0,0
BRDA:42,7,1,1
BRDA:43,8,0,0
BRDA:43,8,1,1
BRDA:44,9,0,0
BRDA:44,9,1,1
BRDA:45,10,0,0
BRDA:45,10,1,1
BRDA:51,11,0,0
BRDA:51,11,1,1
BRF:24
BRH:13
end_of_record
TN:
SF:src/controllers/planning.js
FN:5,listPeriods
FN:6,createPeriod
FN:10,updatePeriod
FN:11,deletePeriod
FN:14,listSubjects
FN:15,createSubject
FN:19,updateSubject
FN:20,deleteSubject
FN:23,getSchedule
FN:24,addSchedule
FN:27,(anonymous_10)
FN:36,removeSchedule
FNF:12
FNH:0
FNDA:0,listPeriods
FNDA:0,createPeriod
FNDA:0,updatePeriod
FNDA:0,deletePeriod
FNDA:0,listSubjects
FNDA:0,createSubject
FNDA:0,updateSubject
FNDA:0,deleteSubject
FNDA:0,getSchedule
FNDA:0,addSchedule
FNDA:0,(anonymous_10)
FNDA:0,removeSchedule
DA:1,5
DA:2,5
DA:5,0
DA:7,0
DA:8,0
DA:10,0
DA:11,0
DA:14,0
DA:16,0
DA:17,0
DA:19,0
DA:20,0
DA:23,0
DA:26,0
DA:27,0
DA:28,0
DA:32,0
DA:34,0
DA:36,0
DA:38,5
LF:20
LH:3
BRDA:7,0,0,0
BRDA:7,0,1,0
BRDA:16,1,0,0
BRDA:16,1,1,0
BRDA:28,2,0,0
BRDA:28,2,1,0
BRDA:28,2,2,0
BRDA:28,2,3,0
BRDA:28,2,4,0
BRDA:32,3,0,0
BRDA:32,3,1,0
BRF:11
BRH:0
end_of_record
TN:
SF:src/controllers/students.js
FN:4,listStudents
FN:8,getStudent
FN:18,createStudent
FN:37,updateStudent
FN:61,deleteStudent
FNF:5
FNH:4
FNDA:0,listStudents
FNDA:1,getStudent
FNDA:4,createStudent
FNDA:1,updateStudent
FNDA:1,deleteStudent
DA:1,5
DA:2,5
DA:5,0
DA:9,1
DA:10,1
DA:11,0
DA:12,0
DA:13,0
DA:15,1
DA:19,4
DA:20,4
DA:38,1
DA:39,1
DA:40,0
DA:41,0
DA:42,0
DA:44,1
DA:62,1
DA:63,1
DA:64,0
DA:65,0
DA:66,0
DA:68,1
DA:71,5
LF:24
LH:14
BRDA:10,0,0,0
BRDA:10,0,1,1
BRDA:19,1,0,0
BRDA:19,1,1,4
BRDA:19,2,0,4
BRDA:19,2,1,4
BRDA:31,3,0,4
BRDA:31,3,1,4
BRDA:39,4,0,0
BRDA:39,4,1,1
BRDA:45,5,0,1
BRDA:45,5,1,0
BRDA:46,6,0,0
BRDA:46,6,1,1
BRDA:47,7,0,0
BRDA:47,7,1,1
BRDA:48,8,0,0
BRDA:48,8,1,1
BRDA:49,9,0,0
BRDA:49,9,1,1
BRDA:50,10,0,0
BRDA:50,10,1,1
BRDA:51,11,0,0
BRDA:51,11,1,1
BRDA:52,12,0,0
BRDA:52,12,1,1
BRDA:53,13,0,0
BRDA:53,13,1,1
BRDA:54,14,0,0
BRDA:54,14,1,1
BRDA:55,15,0,0
BRDA:55,15,1,1
BRDA:56,16,0,0
BRDA:56,16,1,1
BRDA:57,17,0,0
BRDA:57,17,1,1
BRDA:63,18,0,0
BRDA:63,18,1,1
BRF:38
BRH:21
end_of_record
TN:
SF:src/controllers/teachers.js
FN:4,listTeachers
FN:8,getTeacher
FN:18,createTeacher
FN:32,updateTeacher
FN:51,deleteTeacher
FNF:5
FNH:4
FNDA:0,listTeachers
FNDA:2,getTeacher
FNDA:2,createTeacher
FNDA:1,updateTeacher
FNDA:1,deleteTeacher
DA:1,5
DA:2,5
DA:5,0
DA:9,2
DA:10,2
DA:11,1
DA:12,1
DA:13,1
DA:15,1
DA:19,2
DA:20,2
DA:33,1
DA:34,1
DA:35,0
DA:36,0
DA:37,0
DA:39,1
DA:52,1
DA:53,1
DA:54,0
DA:55,0
DA:56,0
DA:58,1
DA:61,5
LF:24
LH:17
BRDA:10,0,0,1
BRDA:10,0,1,1
BRDA:19,1,0,0
BRDA:19,1,1,2
BRDA:19,2,0,2
BRDA:19,2,1,2
BRDA:34,3,0,0
BRDA:34,3,1,1
BRDA:40,4,0,1
BRDA:40,4,1,1
BRDA:41,5,0,0
BRDA:41,5,1,1
BRDA:42,6,0,0
BRDA:42,6,1,1
BRDA:43,7,0,0
BRDA:43,7,1,1
BRDA:44,8,0,0
BRDA:44,8,1,1
BRDA:45,9,0,0
BRDA:45,9,1,1
BRDA:46,10,0,0
BRDA:46,10,1,1
BRDA:47,11,0,1
BRDA:47,11,1,0
BRDA:53,12,0,0
BRDA:53,12,1,1
BRF:26
BRH:16
end_of_record
TN:
SF:src/middleware/errorHandler.js
FN:1,errorHandler
FNF:1
FNH:1
FNDA:3,errorHandler
DA:2,3
DA:4,3
DA:5,3
DA:7,3
DA:13,5
LF:5
LH:5
BRDA:4,0,0,3
BRDA:4,0,1,0
BRDA:5,1,0,3
BRDA:5,1,1,0
BRDA:9,2,0,0
BRDA:9,2,1,3
BRF:6
BRH:3
end_of_record
TN:
SF:src/middleware/validate.js
FN:1,validate
FN:2,(anonymous_1)
FN:4,(anonymous_2)
FNF:3
FNH:3
FNDA:25,validate
FNDA:15,(anonymous_1)
FNDA:27,(anonymous_2)
DA:2,25
DA:3,15
DA:4,15
DA:5,27
DA:6,27
DA:8,27
DA:9,0
DA:10,27
DA:11,0
DA:14,27
DA:15,0
DA:19,15
DA:20,0
DA:22,15
DA:26,5
LF:15
LH:11
BRDA:8,0,0,0
BRDA:8,0,1,27
BRDA:8,1,0,27
BRDA:8,1,1,27
BRDA:8,1,2,27
BRDA:8,1,3,27
BRDA:10,2,0,0
BRDA:10,2,1,27
BRDA:10,3,0,27
BRDA:10,3,1,27
BRDA:10,3,2,27
BRDA:14,4,0,0
BRDA:14,4,1,27
BRDA:14,5,0,27
BRDA:14,5,1,15
BRDA:14,5,2,15
BRDA:19,6,0,0
BRDA:19,6,1,15
BRF:18
BRH:14
end_of_record
TN:
SF:src/utils/mapper.js
FN:1,snakeToCamel
FN:3,(anonymous_1)
FN:5,(anonymous_2)
FN:6,(anonymous_3)
FNF:4
FNH:4
FNDA:127,snakeToCamel
FNDA:1,(anonymous_1)
FNDA:107,(anonymous_2)
FNDA:35,(anonymous_3)
DA:2,127
DA:3,2
DA:4,125
DA:5,16
DA:6,107
DA:7,107
DA:8,107
DA:11,109
DA:14,5
LF:9
LH:9
BRDA:2,0,0,2
BRDA:2,0,1,125
BRDA:4,1,0,16
BRDA:4,1,1,109
BRDA:4,2,0,125
BRDA:4,2,1,52
BRF:6
BRH:6
end_of_record
TN:
SF:tests/helper.js
FN:7,setupTestDB
FNF:1
FNH:1
FNDA:5,setupTestDB
DA:1,5
DA:2,5
DA:3,5
DA:4,5
DA:5,5
DA:8,5
DA:12,5
DA:13,5
DA:15,5
DA:16,5
DA:18,5
DA:25,5
DA:26,5
DA:28,5
DA:31,5
LF:15
LH:15
BRF:0
BRH:0
end_of_record
